<?xml version="1.0" encoding="UTF-8"?>
<!-- Generated by org.testng.reporters.JUnitXMLReporter -->
<testsuite ignored="0" hostname="LAPTOP-8TOFFPN2" failures="0" tests="16" name="Google Tests" time="114.797" errors="0" timestamp="2026-06-13T00:27:47 IST">
  <testcase classname="tests.GoogleSearchTest" name="testPageTitle" time="1.316"/>
  <testcase classname="tests.GoogleSearchTest" name="testSearchWithValidQuery" time="7.614"/>
  <testcase classname="tests.GoogleSearchTest" name="testSearchWithDifferentKeyword" time="5.41"/>
  <testcase classname="tests.GoogleSearchTest" name="testSearchQueryInURL" time="4.725"/>
  <testcase classname="tests.GoogleSearchTest" name="testMultipleSearches" time="12.752"/>
  <testcase classname="tests.GoogleSearchTest" name="testSearchWithSpecialCharacters" time="5.385"/>
  <testcase classname="tests.GoogleSearchTest" name="testSearchWithNumbers" time="5.084"/>
  <testcase classname="tests.GoogleSearchTest" name="testPageRefreshAfterSearch" time="10.262"/>
  <testcase classname="tests.GoogleSearchTest" name="testSearchCaseInsensitive" time="5.767"/>
  <testcase classname="tests.GoogleSearchTest" name="testSearchWithLongQuery" time="6.197"/>
  <testcase classname="tests.GoogleSearchTest" name="testCurrentURLAfterSearch" time="6.034"/>
  <testcase classname="tests.GoogleSearchTest" name="testPageTitleAfterSearch" time="5.982"/>
  <testcase classname="tests.GoogleSearchTest" name="testResultsCountNotEmpty" time="5.251"/>
  <testcase classname="tests.GoogleSearchTest" name="testSearchWithSingleCharacter" time="5.385"/>
  <testcase classname="tests.GoogleSearchTest" name="testBackNavigationAfterSearch" time="6.735"/>
  <testcase classname="tests.GooglePageObjectTest" name="testSearchWithPageObject" time="2.115"/>
</testsuite> <!-- Google Tests -->
