<?xml version="1.0" encoding="UTF-8"?>
<!-- Generated by org.testng.reporters.JUnitXMLReporter -->
<testsuite ignored="14" hostname="LAPTOP-8TOFFPN2" failures="0" tests="1" name="Default test" time="8.204" errors="0" timestamp="2026-06-12T23:25:18 IST">
  <testcase classname="tests.GoogleSearchTest" name="testBackNavigationAfterSearch" time="5.576"/>
  <testcase classname="tests.GoogleSearchTest" name="testPageRefreshAfterSearch" time="0.0">
    <ignored/>
  </testcase> <!-- testPageRefreshAfterSearch -->
  <testcase classname="tests.GoogleSearchTest" name="testSearchWithSpecialCharacters" time="0.0">
    <ignored/>
  </testcase> <!-- testSearchWithSpecialCharacters -->
  <testcase classname="tests.GoogleSearchTest" name="testSearchWithLongQuery" time="0.0">
    <ignored/>
  </testcase> <!-- testSearchWithLongQuery -->
  <testcase classname="tests.GoogleSearchTest" name="testSearchCaseInsensitive" time="0.0">
    <ignored/>
  </testcase> <!-- testSearchCaseInsensitive -->
  <testcase classname="tests.GoogleSearchTest" name="testSearchWithSingleCharacter" time="0.0">
    <ignored/>
  </testcase> <!-- testSearchWithSingleCharacter -->
  <testcase classname="tests.GoogleSearchTest" name="testPageTitleAfterSearch" time="0.0">
    <ignored/>
  </testcase> <!-- testPageTitleAfterSearch -->
  <testcase classname="tests.GoogleSearchTest" name="testMultipleSearches" time="0.0">
    <ignored/>
  </testcase> <!-- testMultipleSearches -->
  <testcase classname="tests.GoogleSearchTest" name="testSearchWithNumbers" time="0.0">
    <ignored/>
  </testcase> <!-- testSearchWithNumbers -->
  <testcase classname="tests.GoogleSearchTest" name="testResultsCountNotEmpty" time="0.0">
    <ignored/>
  </testcase> <!-- testResultsCountNotEmpty -->
  <testcase classname="tests.GoogleSearchTest" name="testPageTitle" time="0.0">
    <ignored/>
  </testcase> <!-- testPageTitle -->
  <testcase classname="tests.GoogleSearchTest" name="testSearchQueryInURL" time="0.0">
    <ignored/>
  </testcase> <!-- testSearchQueryInURL -->
  <testcase classname="tests.GoogleSearchTest" name="testCurrentURLAfterSearch" time="0.0">
    <ignored/>
  </testcase> <!-- testCurrentURLAfterSearch -->
  <testcase classname="tests.GoogleSearchTest" name="testSearchWithValidQuery" time="0.0">
    <ignored/>
  </testcase> <!-- testSearchWithValidQuery -->
  <testcase classname="tests.GoogleSearchTest" name="testSearchWithDifferentKeyword" time="0.0">
    <ignored/>
  </testcase> <!-- testSearchWithDifferentKeyword -->
</testsuite> <!-- Default test -->
