<?xml version="1.0" encoding="UTF-8"?>
<!-- Generated by org.testng.reporters.JUnitXMLReporter -->
<testsuite ignored="1" hostname="LAPTOP-8TOFFPN2" failures="0" tests="1" name="Default test" time="10.249" errors="0" timestamp="2026-04-11T11:46:30 IST">
  <testcase classname="tests.GoogleSearchTest" name="testSearchReturnsResults" time="6.593"/>
  <testcase classname="tests.GoogleSearchTest" name="testPageTitle" time="0.0">
    <ignored/>
  </testcase> <!-- testPageTitle -->
</testsuite> <!-- Default test -->
