<?xml version="1.0" encoding="UTF-8"?>
<testsuite xmlns:xsi="http://www.w3.org/2001/XMLSchema-instance" xsi:noNamespaceSchemaLocation="https://maven.apache.org/surefire/maven-surefire-plugin/xsd/surefire-test-report-3.0.xsd" version="3.0" name="TestSuite" time="115.339" tests="16" errors="0" skipped="0" failures="0">
  <properties>
[...]
</properties>
  <testcase name="testPageTitle" classname="tests.GoogleSearchTest" time="1.329">
    <system-out><![CDATA[

╔════════════════════════════════════════════════════════════╗
║          TEST SUITE EXECUTION STARTED                      ║
╠════════════════════════════════════════════════════════════╣
║ Suite Name: Selenium Test Suite
║ Test Name: Google Tests
║ Total Tests: 16
╚════════════════════════════════════════════════════════════╝

========== Creating WebDriver for browser: chrome ==========
Initializing Chrome driver...
  > Setting up ChromeDriver...
  > ChromeDriver setup complete
  > Creating ChromeDriver instance...
✓ Chrome driver created successfully
  > Setting implicit wait: 10 seconds
  > Setting page load timeout: 30 seconds
✓ WebDriver configured successfully

================================
Test Started: GoogleSearchTest.testPageTitle
Test Description: Verify Google page title contains 'Google'
================================
Navigated to Google homepage
✓ Test 1 Passed: Page title verified - Google
]]></system-out>
    <system-err><![CDATA[SLF4J(W): No SLF4J providers were found.
SLF4J(W): Defaulting to no-operation (NOP) logger implementation
SLF4J(W): See https://www.slf4j.org/codes.html#noProviders for further details.
Jun 13, 2026 12:25:55 AM org.openqa.selenium.devtools.CdpVersionFinder findNearestMatch
WARNING: Unable to find CDP implementation matching 138
Jun 13, 2026 12:25:55 AM org.openqa.selenium.chromium.ChromiumDriver lambda$new$5
WARNING: Unable to find version of CDP to use for 138.0.7204.158. You may need to include a dependency on a specific version of the CDP using something similar to `org.seleniumhq.selenium:selenium-devtools-v86:4.18.1` where the version ("v86") matches the version of the chromium-based browser you're using and the version number of the artifact is the same as Selenium's.
]]></system-err>
  </testcase>
  <testcase name="testSearchWithValidQuery" classname="tests.GoogleSearchTest" time="7.609">
    <system-out><![CDATA[
✓ TEST PASSED: testPageTitle
Execution Time: 1316 ms
================================

Closing WebDriver...
✓ WebDriver closed successfully
========== Creating WebDriver for browser: chrome ==========
Initializing Chrome driver...
  > Setting up ChromeDriver...
  > ChromeDriver setup complete
  > Creating ChromeDriver instance...
✓ Chrome driver created successfully
  > Setting implicit wait: 10 seconds
  > Setting page load timeout: 30 seconds
✓ WebDriver configured successfully

================================
Test Started: GoogleSearchTest.testSearchWithValidQuery
Test Description: Search for 'Selenium WebDriver' and verify results
================================
Navigated to Google homepage
Searching for: Selenium WebDriver
Search submitted
✓ Test 2 Passed: Search results found - 
]]></system-out>
    <system-err><![CDATA[Jun 13, 2026 12:25:57 AM org.openqa.selenium.devtools.CdpVersionFinder findNearestMatch
WARNING: Unable to find CDP implementation matching 138
Jun 13, 2026 12:25:57 AM org.openqa.selenium.chromium.ChromiumDriver lambda$new$5
WARNING: Unable to find version of CDP to use for 138.0.7204.158. You may need to include a dependency on a specific version of the CDP using something similar to `org.seleniumhq.selenium:selenium-devtools-v86:4.18.1` where the version ("v86") matches the version of the chromium-based browser you're using and the version number of the artifact is the same as Selenium's.
]]></system-err>
  </testcase>
  <testcase name="testSearchWithDifferentKeyword" classname="tests.GoogleSearchTest" time="5.408">
    <system-out><![CDATA[
✓ TEST PASSED: testSearchWithValidQuery
Execution Time: 7614 ms
================================

Closing WebDriver...
✓ WebDriver closed successfully
========== Creating WebDriver for browser: chrome ==========
Initializing Chrome driver...
  > Setting up ChromeDriver...
  > ChromeDriver setup complete
  > Creating ChromeDriver instance...
✓ Chrome driver created successfully
  > Setting implicit wait: 10 seconds
  > Setting page load timeout: 30 seconds
✓ WebDriver configured successfully

================================
Test Started: GoogleSearchTest.testSearchWithDifferentKeyword
Test Description: Search for 'Java Programming' and verify results
================================
Navigated to Google homepage
Searching for: Java Programming
Search submitted
✓ Test 3 Passed: Java Programming search successful
]]></system-out>
    <system-err><![CDATA[Jun 13, 2026 12:26:06 AM org.openqa.selenium.devtools.CdpVersionFinder findNearestMatch
WARNING: Unable to find CDP implementation matching 138
Jun 13, 2026 12:26:06 AM org.openqa.selenium.chromium.ChromiumDriver lambda$new$5
WARNING: Unable to find version of CDP to use for 138.0.7204.158. You may need to include a dependency on a specific version of the CDP using something similar to `org.seleniumhq.selenium:selenium-devtools-v86:4.18.1` where the version ("v86") matches the version of the chromium-based browser you're using and the version number of the artifact is the same as Selenium's.
]]></system-err>
  </testcase>
  <testcase name="testSearchQueryInURL" classname="tests.GoogleSearchTest" time="4.722">
    <system-out><![CDATA[
✓ TEST PASSED: testSearchWithDifferentKeyword
Execution Time: 5410 ms
================================

Closing WebDriver...
✓ WebDriver closed successfully
========== Creating WebDriver for browser: chrome ==========
Initializing Chrome driver...
  > Setting up ChromeDriver...
  > ChromeDriver setup complete
  > Creating ChromeDriver instance...
✓ Chrome driver created successfully
  > Setting implicit wait: 10 seconds
  > Setting page load timeout: 30 seconds
✓ WebDriver configured successfully

================================
Test Started: GoogleSearchTest.testSearchQueryInURL
Test Description: Verify URL contains search query parameter
================================
Navigated to Google homepage
Searching for: TestNG Framework
Search submitted
✓ Test 4 Passed: Search query found in URL - https://www.google.com/search?q=TestNG+Framework&sca_esv=8995056dde0e4dbf&source=hp&ei=TVYsaqbNKKOQseMP1e_YoA8&iflsig=AFdpzrgAAAAAaixkXeh313qwupIpJuRPGqDXYmGWW7SX&ved=0ahUKEwjmp4q_sIKVAxUjSGwGHdU3FvQQ4dUDCC4&uact=5&oq=TestNG+Framework&gs_lp=Egdnd3Mtd2l6IhBUZXN0TkcgRnJhbWV3b3JrSJUBUABYTHAAeACQAQCYAQCgAQCqAQC4AQPIAQD4AQGYAgCgAgCYAwCSBwCgBwCyBwC4BwDCBwDIBwCACAE&sclient=gws-wiz&sei=T1YsatW3DP24vr0PmfXq2Q8
]]></system-out>
    <system-err><![CDATA[Jun 13, 2026 12:26:12 AM org.openqa.selenium.devtools.CdpVersionFinder findNearestMatch
WARNING: Unable to find CDP implementation matching 138
Jun 13, 2026 12:26:12 AM org.openqa.selenium.chromium.ChromiumDriver lambda$new$5
WARNING: Unable to find version of CDP to use for 138.0.7204.158. You may need to include a dependency on a specific version of the CDP using something similar to `org.seleniumhq.selenium:selenium-devtools-v86:4.18.1` where the version ("v86") matches the version of the chromium-based browser you're using and the version number of the artifact is the same as Selenium's.
]]></system-err>
  </testcase>
  <testcase name="testMultipleSearches" classname="tests.GoogleSearchTest" time="12.75">
    <system-out><![CDATA[
✓ TEST PASSED: testSearchQueryInURL
Execution Time: 4725 ms
================================

Closing WebDriver...
✓ WebDriver closed successfully
========== Creating WebDriver for browser: chrome ==========
Initializing Chrome driver...
  > Setting up ChromeDriver...
  > ChromeDriver setup complete
  > Creating ChromeDriver instance...
✓ Chrome driver created successfully
  > Setting implicit wait: 10 seconds
  > Setting page load timeout: 30 seconds
✓ WebDriver configured successfully

================================
Test Started: GoogleSearchTest.testMultipleSearches
Test Description: Perform multiple sequential searches
================================
Navigated to Google homepage
Searching for: Python
Search submitted
Searching for: JavaScript
Search submitted
Searching for: C++
Search submitted
✓ Test 5 Passed: Multiple sequential searches successful
]]></system-out>
    <system-err><![CDATA[Jun 13, 2026 12:26:18 AM org.openqa.selenium.devtools.CdpVersionFinder findNearestMatch
WARNING: Unable to find CDP implementation matching 138
Jun 13, 2026 12:26:18 AM org.openqa.selenium.chromium.ChromiumDriver lambda$new$5
WARNING: Unable to find version of CDP to use for 138.0.7204.158. You may need to include a dependency on a specific version of the CDP using something similar to `org.seleniumhq.selenium:selenium-devtools-v86:4.18.1` where the version ("v86") matches the version of the chromium-based browser you're using and the version number of the artifact is the same as Selenium's.
]]></system-err>
  </testcase>
  <testcase name="testSearchWithSpecialCharacters" classname="tests.GoogleSearchTest" time="5.384">
    <system-out><![CDATA[
✓ TEST PASSED: testMultipleSearches
Execution Time: 12752 ms
================================

Closing WebDriver...
✓ WebDriver closed successfully
========== Creating WebDriver for browser: chrome ==========
Initializing Chrome driver...
  > Setting up ChromeDriver...
  > ChromeDriver setup complete
  > Creating ChromeDriver instance...
✓ Chrome driver created successfully
  > Setting implicit wait: 10 seconds
  > Setting page load timeout: 30 seconds
✓ WebDriver configured successfully

================================
Test Started: GoogleSearchTest.testSearchWithSpecialCharacters
Test Description: Search with special characters and verify results
================================
Navigated to Google homepage
Searching for: C++ Programming & OOP
Search submitted
✓ Test 6 Passed: Search with special characters successful
]]></system-out>
    <system-err><![CDATA[Jun 13, 2026 12:26:32 AM org.openqa.selenium.devtools.CdpVersionFinder findNearestMatch
WARNING: Unable to find CDP implementation matching 138
Jun 13, 2026 12:26:32 AM org.openqa.selenium.chromium.ChromiumDriver lambda$new$5
WARNING: Unable to find version of CDP to use for 138.0.7204.158. You may need to include a dependency on a specific version of the CDP using something similar to `org.seleniumhq.selenium:selenium-devtools-v86:4.18.1` where the version ("v86") matches the version of the chromium-based browser you're using and the version number of the artifact is the same as Selenium's.
]]></system-err>
  </testcase>
  <testcase name="testSearchWithNumbers" classname="tests.GoogleSearchTest" time="5.08">
    <system-out><![CDATA[
✓ TEST PASSED: testSearchWithSpecialCharacters
Execution Time: 5385 ms
================================

Closing WebDriver...
✓ WebDriver closed successfully
========== Creating WebDriver for browser: chrome ==========
Initializing Chrome driver...
  > Setting up ChromeDriver...
  > ChromeDriver setup complete
  > Creating ChromeDriver instance...
✓ Chrome driver created successfully
  > Setting implicit wait: 10 seconds
  > Setting page load timeout: 30 seconds
✓ WebDriver configured successfully

================================
Test Started: GoogleSearchTest.testSearchWithNumbers
Test Description: Search with numeric queries
================================
Navigated to Google homepage
Searching for: 2024 Technology Trends
Search submitted
✓ Test 7 Passed: Numeric search successful
]]></system-out>
    <system-err><![CDATA[Jun 13, 2026 12:26:39 AM org.openqa.selenium.devtools.CdpVersionFinder findNearestMatch
WARNING: Unable to find CDP implementation matching 138
Jun 13, 2026 12:26:39 AM org.openqa.selenium.chromium.ChromiumDriver lambda$new$5
WARNING: Unable to find version of CDP to use for 138.0.7204.158. You may need to include a dependency on a specific version of the CDP using something similar to `org.seleniumhq.selenium:selenium-devtools-v86:4.18.1` where the version ("v86") matches the version of the chromium-based browser you're using and the version number of the artifact is the same as Selenium's.
]]></system-err>
  </testcase>
  <testcase name="testPageRefreshAfterSearch" classname="tests.GoogleSearchTest" time="10.249">
    <system-out><![CDATA[
✓ TEST PASSED: testSearchWithNumbers
Execution Time: 5084 ms
================================

Closing WebDriver...
✓ WebDriver closed successfully
========== Creating WebDriver for browser: chrome ==========
Initializing Chrome driver...
  > Setting up ChromeDriver...
  > ChromeDriver setup complete
  > Creating ChromeDriver instance...
✓ Chrome driver created successfully
  > Setting implicit wait: 10 seconds
  > Setting page load timeout: 30 seconds
✓ WebDriver configured successfully

================================
Test Started: GoogleSearchTest.testPageRefreshAfterSearch
Test Description: Verify page can be refreshed after search
================================
Navigated to Google homepage
Searching for: Web Development
Search submitted
✓ Test 8 Passed: Page refresh after search successful
]]></system-out>
    <system-err><![CDATA[Jun 13, 2026 12:26:45 AM org.openqa.selenium.devtools.CdpVersionFinder findNearestMatch
WARNING: Unable to find CDP implementation matching 138
Jun 13, 2026 12:26:45 AM org.openqa.selenium.chromium.ChromiumDriver lambda$new$5
WARNING: Unable to find version of CDP to use for 138.0.7204.158. You may need to include a dependency on a specific version of the CDP using something similar to `org.seleniumhq.selenium:selenium-devtools-v86:4.18.1` where the version ("v86") matches the version of the chromium-based browser you're using and the version number of the artifact is the same as Selenium's.
]]></system-err>
  </testcase>
  <testcase name="testSearchCaseInsensitive" classname="tests.GoogleSearchTest" time="5.763">
    <system-out><![CDATA[
✓ TEST PASSED: testPageRefreshAfterSearch
Execution Time: 10262 ms
================================

Closing WebDriver...
✓ WebDriver closed successfully
========== Creating WebDriver for browser: chrome ==========
Initializing Chrome driver...
  > Setting up ChromeDriver...
  > ChromeDriver setup complete
  > Creating ChromeDriver instance...
✓ Chrome driver created successfully
  > Setting implicit wait: 10 seconds
  > Setting page load timeout: 30 seconds
✓ WebDriver configured successfully

================================
Test Started: GoogleSearchTest.testSearchCaseInsensitive
Test Description: Verify Google search is case insensitive
================================
Navigated to Google homepage
Searching for: AUTOMATION TESTING
Search submitted
✓ Test 9 Passed: Case insensitive search successful - 
]]></system-out>
    <system-err><![CDATA[Jun 13, 2026 12:26:56 AM org.openqa.selenium.devtools.CdpVersionFinder findNearestMatch
WARNING: Unable to find CDP implementation matching 138
Jun 13, 2026 12:26:56 AM org.openqa.selenium.chromium.ChromiumDriver lambda$new$5
WARNING: Unable to find version of CDP to use for 138.0.7204.158. You may need to include a dependency on a specific version of the CDP using something similar to `org.seleniumhq.selenium:selenium-devtools-v86:4.18.1` where the version ("v86") matches the version of the chromium-based browser you're using and the version number of the artifact is the same as Selenium's.
]]></system-err>
  </testcase>
  <testcase name="testSearchWithLongQuery" classname="tests.GoogleSearchTest" time="6.187">
    <system-out><![CDATA[
✓ TEST PASSED: testSearchCaseInsensitive
Execution Time: 5767 ms
================================

Closing WebDriver...
✓ WebDriver closed successfully
========== Creating WebDriver for browser: chrome ==========
Initializing Chrome driver...
  > Setting up ChromeDriver...
  > ChromeDriver setup complete
  > Creating ChromeDriver instance...
✓ Chrome driver created successfully
  > Setting implicit wait: 10 seconds
  > Setting page load timeout: 30 seconds
✓ WebDriver configured successfully

================================
Test Started: GoogleSearchTest.testSearchWithLongQuery
Test Description: Search with long query string
================================
Navigated to Google homepage
Searching for: How to learn Selenium WebDriver for automation testing with Java programming language
Search submitted
✓ Test 10 Passed: Long query search successful
]]></system-out>
    <system-err><![CDATA[Jun 13, 2026 12:27:03 AM org.openqa.selenium.devtools.CdpVersionFinder findNearestMatch
WARNING: Unable to find CDP implementation matching 138
Jun 13, 2026 12:27:03 AM org.openqa.selenium.chromium.ChromiumDriver lambda$new$5
WARNING: Unable to find version of CDP to use for 138.0.7204.158. You may need to include a dependency on a specific version of the CDP using something similar to `org.seleniumhq.selenium:selenium-devtools-v86:4.18.1` where the version ("v86") matches the version of the chromium-based browser you're using and the version number of the artifact is the same as Selenium's.
]]></system-err>
  </testcase>
  <testcase name="testCurrentURLAfterSearch" classname="tests.GoogleSearchTest" time="6.033">
    <system-out><![CDATA[
✓ TEST PASSED: testSearchWithLongQuery
Execution Time: 6197 ms
================================

Closing WebDriver...
✓ WebDriver closed successfully
========== Creating WebDriver for browser: chrome ==========
Initializing Chrome driver...
  > Setting up ChromeDriver...
  > ChromeDriver setup complete
  > Creating ChromeDriver instance...
✓ Chrome driver created successfully
  > Setting implicit wait: 10 seconds
  > Setting page load timeout: 30 seconds
✓ WebDriver configured successfully

================================
Test Started: GoogleSearchTest.testCurrentURLAfterSearch
Test Description: Verify URL is updated with search query
================================
Navigated to Google homepage
Searching for: Selenium Automation
Search submitted
✓ Test 11 Passed: URL updated correctly - https://www.google.com/search?q=Selenium+Automation&sca_esv=0d0ab61a20469979&source=hp&ei=h1YsapnlE7jD4-EPw9j8mAw&iflsig=AFdpzrgAAAAAaixkl-QCaw_gMmxQ7og2h20fNo_XWoZ6&ved=0ahUKEwjZxMnasIKVAxW44TgGHUMsH8MQ4dUDCC4&uact=5&oq=Selenium+Automation&gs_lp=Egdnd3Mtd2l6IhNTZWxlbml1bSBBdXRvbWF0aW9uSIUBUABYTXAAeACQAQCYAQCgAQCqAQC4AQPIAQD4AQGYAgCgAgCYAwCSBwCgBwCyBwC4BwDCBwDIBwCACAE&sclient=gws-wiz&sei=iFYsasakMqjc4-EPwbTVyQE
]]></system-out>
    <system-err><![CDATA[Jun 13, 2026 12:27:10 AM org.openqa.selenium.devtools.CdpVersionFinder findNearestMatch
WARNING: Unable to find CDP implementation matching 138
Jun 13, 2026 12:27:10 AM org.openqa.selenium.chromium.ChromiumDriver lambda$new$5
WARNING: Unable to find version of CDP to use for 138.0.7204.158. You may need to include a dependency on a specific version of the CDP using something similar to `org.seleniumhq.selenium:selenium-devtools-v86:4.18.1` where the version ("v86") matches the version of the chromium-based browser you're using and the version number of the artifact is the same as Selenium's.
]]></system-err>
  </testcase>
  <testcase name="testPageTitleAfterSearch" classname="tests.GoogleSearchTest" time="5.981">
    <system-out><![CDATA[
✓ TEST PASSED: testCurrentURLAfterSearch
Execution Time: 6034 ms
================================

Closing WebDriver...
✓ WebDriver closed successfully
========== Creating WebDriver for browser: chrome ==========
Initializing Chrome driver...
  > Setting up ChromeDriver...
  > ChromeDriver setup complete
  > Creating ChromeDriver instance...
✓ Chrome driver created successfully
  > Setting implicit wait: 10 seconds
  > Setting page load timeout: 30 seconds
✓ WebDriver configured successfully

================================
Test Started: GoogleSearchTest.testPageTitleAfterSearch
Test Description: Verify page title contains search query
================================
Navigated to Google homepage
Searching for: Test Automation Framework
Search submitted
✓ Test 12 Passed: Page title after search - Test Automation Framework - Google Search
]]></system-out>
    <system-err><![CDATA[Jun 13, 2026 12:27:17 AM org.openqa.selenium.devtools.CdpVersionFinder findNearestMatch
WARNING: Unable to find CDP implementation matching 138
Jun 13, 2026 12:27:17 AM org.openqa.selenium.chromium.ChromiumDriver lambda$new$5
WARNING: Unable to find version of CDP to use for 138.0.7204.158. You may need to include a dependency on a specific version of the CDP using something similar to `org.seleniumhq.selenium:selenium-devtools-v86:4.18.1` where the version ("v86") matches the version of the chromium-based browser you're using and the version number of the artifact is the same as Selenium's.
]]></system-err>
  </testcase>
  <testcase name="testResultsCountNotEmpty" classname="tests.GoogleSearchTest" time="5.251">
    <system-out><![CDATA[
✓ TEST PASSED: testPageTitleAfterSearch
Execution Time: 5982 ms
================================

Closing WebDriver...
✓ WebDriver closed successfully
========== Creating WebDriver for browser: chrome ==========
Initializing Chrome driver...
  > Setting up ChromeDriver...
  > ChromeDriver setup complete
  > Creating ChromeDriver instance...
✓ Chrome driver created successfully
  > Setting implicit wait: 10 seconds
  > Setting page load timeout: 30 seconds
✓ WebDriver configured successfully

================================
Test Started: GoogleSearchTest.testResultsCountNotEmpty
Test Description: Verify results count is displayed and not empty
================================
Navigated to Google homepage
Searching for: Mobile App Development
Search submitted
✓ Test 13 Passed: Results count displayed - 
]]></system-out>
    <system-err><![CDATA[Jun 13, 2026 12:27:24 AM org.openqa.selenium.devtools.CdpVersionFinder findNearestMatch
WARNING: Unable to find CDP implementation matching 138
Jun 13, 2026 12:27:24 AM org.openqa.selenium.chromium.ChromiumDriver lambda$new$5
WARNING: Unable to find version of CDP to use for 138.0.7204.158. You may need to include a dependency on a specific version of the CDP using something similar to `org.seleniumhq.selenium:selenium-devtools-v86:4.18.1` where the version ("v86") matches the version of the chromium-based browser you're using and the version number of the artifact is the same as Selenium's.
]]></system-err>
  </testcase>
  <testcase name="testSearchWithSingleCharacter" classname="tests.GoogleSearchTest" time="5.383">
    <system-out><![CDATA[
✓ TEST PASSED: testResultsCountNotEmpty
Execution Time: 5251 ms
================================

Closing WebDriver...
✓ WebDriver closed successfully
========== Creating WebDriver for browser: chrome ==========
Initializing Chrome driver...
  > Setting up ChromeDriver...
  > ChromeDriver setup complete
  > Creating ChromeDriver instance...
✓ Chrome driver created successfully
  > Setting implicit wait: 10 seconds
  > Setting page load timeout: 30 seconds
✓ WebDriver configured successfully

================================
Test Started: GoogleSearchTest.testSearchWithSingleCharacter
Test Description: Search with single character query
================================
Navigated to Google homepage
Searching for: A
Search submitted
✓ Test 14 Passed: Single character search successful
]]></system-out>
    <system-err><![CDATA[Jun 13, 2026 12:27:31 AM org.openqa.selenium.devtools.CdpVersionFinder findNearestMatch
WARNING: Unable to find CDP implementation matching 138
Jun 13, 2026 12:27:31 AM org.openqa.selenium.chromium.ChromiumDriver lambda$new$5
WARNING: Unable to find version of CDP to use for 138.0.7204.158. You may need to include a dependency on a specific version of the CDP using something similar to `org.seleniumhq.selenium:selenium-devtools-v86:4.18.1` where the version ("v86") matches the version of the chromium-based browser you're using and the version number of the artifact is the same as Selenium's.
]]></system-err>
  </testcase>
  <testcase name="testBackNavigationAfterSearch" classname="tests.GoogleSearchTest" time="6.733">
    <system-out><![CDATA[
✓ TEST PASSED: testSearchWithSingleCharacter
Execution Time: 5385 ms
================================

Closing WebDriver...
✓ WebDriver closed successfully
========== Creating WebDriver for browser: chrome ==========
Initializing Chrome driver...
  > Setting up ChromeDriver...
  > ChromeDriver setup complete
  > Creating ChromeDriver instance...
✓ Chrome driver created successfully
  > Setting implicit wait: 10 seconds
  > Setting page load timeout: 30 seconds
✓ WebDriver configured successfully

================================
Test Started: GoogleSearchTest.testBackNavigationAfterSearch
Test Description: Verify browser back button works after search
================================
Navigated to Google homepage
Searching for: Cloud Computing
Search submitted
Home URL: https://www.google.com/
Back URL: https://www.google.com/
✓ Test 15 Passed: Back navigation successful
]]></system-out>
    <system-err><![CDATA[Jun 13, 2026 12:27:37 AM org.openqa.selenium.devtools.CdpVersionFinder findNearestMatch
WARNING: Unable to find CDP implementation matching 138
Jun 13, 2026 12:27:37 AM org.openqa.selenium.chromium.ChromiumDriver lambda$new$5
WARNING: Unable to find version of CDP to use for 138.0.7204.158. You may need to include a dependency on a specific version of the CDP using something similar to `org.seleniumhq.selenium:selenium-devtools-v86:4.18.1` where the version ("v86") matches the version of the chromium-based browser you're using and the version number of the artifact is the same as Selenium's.
]]></system-err>
  </testcase>
  <testcase name="testSearchWithPageObject" classname="tests.GooglePageObjectTest" time="2.113">
    <system-out><![CDATA[
✓ TEST PASSED: testBackNavigationAfterSearch
Execution Time: 6735 ms
================================

Closing WebDriver...
✓ WebDriver closed successfully
========== Creating WebDriver for browser: chrome ==========
Initializing Chrome driver...
  > Setting up ChromeDriver...
  > ChromeDriver setup complete
  > Creating ChromeDriver instance...
✓ Chrome driver created successfully
  > Setting implicit wait: 10 seconds
  > Setting page load timeout: 30 seconds
✓ WebDriver configured successfully

================================
Test Started: GooglePageObjectTest.testSearchWithPageObject
Test Description: 
================================
Navigated to Google homepage
Searching for: TestNG tutorial
Search submitted
]]></system-out>
    <system-err><![CDATA[Jun 13, 2026 12:27:45 AM org.openqa.selenium.devtools.CdpVersionFinder findNearestMatch
WARNING: Unable to find CDP implementation matching 138
Jun 13, 2026 12:27:45 AM org.openqa.selenium.chromium.ChromiumDriver lambda$new$5
WARNING: Unable to find version of CDP to use for 138.0.7204.158. You may need to include a dependency on a specific version of the CDP using something similar to `org.seleniumhq.selenium:selenium-devtools-v86:4.18.1` where the version ("v86") matches the version of the chromium-based browser you're using and the version number of the artifact is the same as Selenium's.
]]></system-err>
  </testcase>
</testsuite>