<?xml version="1.0" encoding="UTF-8"?>
<testng-results ignored="0" total="16" passed="16" failed="0" skipped="0">
  <reporter-output>
  </reporter-output>
  <suite started-at="2026-06-13T00:25:52 IST" name="Selenium Test Suite" finished-at="2026-06-13T00:27:47 IST" duration-ms="114797">
    <groups>
    </groups>
    <test started-at="2026-06-13T00:25:52 IST" name="Google Tests" finished-at="2026-06-13T00:27:47 IST" duration-ms="114797">
      <class name="tests.GoogleSearchTest">
        <test-method is-config="true" signature="setUp()[pri:0, instance:tests.GoogleSearchTest@55b7a4e0]" started-at="2026-06-13T00:25:52 IST" name="setUp" finished-at="2026-06-13T00:25:55 IST" duration-ms="2173" status="PASS">
          <reporter-output>
          </reporter-output>
        </test-method> <!-- setUp -->
        <test-method signature="testPageTitle()[pri:1, instance:tests.GoogleSearchTest@55b7a4e0]" started-at="2026-06-13T00:25:55 IST" name="testPageTitle" description="Verify Google page title contains &#039;Google&#039;" finished-at="2026-06-13T00:25:56 IST" duration-ms="1316" status="PASS">
          <reporter-output>
          </reporter-output>
        </test-method> <!-- testPageTitle -->
        <test-method is-config="true" signature="tearDown(org.testng.ITestResult)[pri:0, instance:tests.GoogleSearchTest@55b7a4e0]" started-at="2026-06-13T00:25:56 IST" name="tearDown" finished-at="2026-06-13T00:25:56 IST" duration-ms="305" status="PASS">
          <params>
            <param index="0">
              <value>
                <![CDATA[[TestResult name=testPageTitle status=SUCCESS method=GoogleSearchTest.testPageTitle()[pri:1, instance:tests.GoogleSearchTest@55b7a4e0] output={null}]]]>
              </value>
            </param>
          </params>
          <reporter-output>
          </reporter-output>
        </test-method> <!-- tearDown -->
        <test-method is-config="true" signature="setUp()[pri:0, instance:tests.GoogleSearchTest@55b7a4e0]" started-at="2026-06-13T00:25:56 IST" name="setUp" finished-at="2026-06-13T00:25:57 IST" duration-ms="891" status="PASS">
          <reporter-output>
          </reporter-output>
        </test-method> <!-- setUp -->
        <test-method signature="testSearchWithValidQuery()[pri:2, instance:tests.GoogleSearchTest@55b7a4e0]" started-at="2026-06-13T00:25:57 IST" name="testSearchWithValidQuery" description="Search for &#039;Selenium WebDriver&#039; and verify results" finished-at="2026-06-13T00:26:05 IST" duration-ms="7614" status="PASS">
          <reporter-output>
          </reporter-output>
        </test-method> <!-- testSearchWithValidQuery -->
        <test-method is-config="true" signature="tearDown(org.testng.ITestResult)[pri:0, instance:tests.GoogleSearchTest@55b7a4e0]" started-at="2026-06-13T00:26:05 IST" name="tearDown" finished-at="2026-06-13T00:26:05 IST" duration-ms="328" status="PASS">
          <params>
            <param index="0">
              <value>
                <![CDATA[[TestResult name=testSearchWithValidQuery status=SUCCESS method=GoogleSearchTest.testSearchWithValidQuery()[pri:2, instance:tests.GoogleSearchTest@55b7a4e0] output={null}]]]>
              </value>
            </param>
          </params>
          <reporter-output>
          </reporter-output>
        </test-method> <!-- tearDown -->
        <test-method is-config="true" signature="setUp()[pri:0, instance:tests.GoogleSearchTest@55b7a4e0]" started-at="2026-06-13T00:26:05 IST" name="setUp" finished-at="2026-06-13T00:26:06 IST" duration-ms="899" status="PASS">
          <reporter-output>
          </reporter-output>
        </test-method> <!-- setUp -->
        <test-method signature="testSearchWithDifferentKeyword()[pri:3, instance:tests.GoogleSearchTest@55b7a4e0]" started-at="2026-06-13T00:26:06 IST" name="testSearchWithDifferentKeyword" description="Search for &#039;Java Programming&#039; and verify results" finished-at="2026-06-13T00:26:11 IST" duration-ms="5410" status="PASS">
          <reporter-output>
          </reporter-output>
        </test-method> <!-- testSearchWithDifferentKeyword -->
        <test-method is-config="true" signature="tearDown(org.testng.ITestResult)[pri:0, instance:tests.GoogleSearchTest@55b7a4e0]" started-at="2026-06-13T00:26:11 IST" name="tearDown" finished-at="2026-06-13T00:26:12 IST" duration-ms="258" status="PASS">
          <params>
            <param index="0">
              <value>
                <![CDATA[[TestResult name=testSearchWithDifferentKeyword status=SUCCESS method=GoogleSearchTest.testSearchWithDifferentKeyword()[pri:3, instance:tests.GoogleSearchTest@55b7a4e0] output={null}]]]>
              </value>
            </param>
          </params>
          <reporter-output>
          </reporter-output>
        </test-method> <!-- tearDown -->
        <test-method is-config="true" signature="setUp()[pri:0, instance:tests.GoogleSearchTest@55b7a4e0]" started-at="2026-06-13T00:26:12 IST" name="setUp" finished-at="2026-06-13T00:26:12 IST" duration-ms="825" status="PASS">
          <reporter-output>
          </reporter-output>
        </test-method> <!-- setUp -->
        <test-method signature="testSearchQueryInURL()[pri:4, instance:tests.GoogleSearchTest@55b7a4e0]" started-at="2026-06-13T00:26:12 IST" name="testSearchQueryInURL" description="Verify URL contains search query parameter" finished-at="2026-06-13T00:26:17 IST" duration-ms="4725" status="PASS">
          <reporter-output>
          </reporter-output>
        </test-method> <!-- testSearchQueryInURL -->
        <test-method is-config="true" signature="tearDown(org.testng.ITestResult)[pri:0, instance:tests.GoogleSearchTest@55b7a4e0]" started-at="2026-06-13T00:26:17 IST" name="tearDown" finished-at="2026-06-13T00:26:17 IST" duration-ms="240" status="PASS">
          <params>
            <param index="0">
              <value>
                <![CDATA[[TestResult name=testSearchQueryInURL status=SUCCESS method=GoogleSearchTest.testSearchQueryInURL()[pri:4, instance:tests.GoogleSearchTest@55b7a4e0] output={null}]]]>
              </value>
            </param>
          </params>
          <reporter-output>
          </reporter-output>
        </test-method> <!-- tearDown -->
        <test-method is-config="true" signature="setUp()[pri:0, instance:tests.GoogleSearchTest@55b7a4e0]" started-at="2026-06-13T00:26:17 IST" name="setUp" finished-at="2026-06-13T00:26:18 IST" duration-ms="781" status="PASS">
          <reporter-output>
          </reporter-output>
        </test-method> <!-- setUp -->
        <test-method signature="testMultipleSearches()[pri:5, instance:tests.GoogleSearchTest@55b7a4e0]" started-at="2026-06-13T00:26:18 IST" name="testMultipleSearches" description="Perform multiple sequential searches" finished-at="2026-06-13T00:26:31 IST" duration-ms="12752" status="PASS">
          <reporter-output>
          </reporter-output>
        </test-method> <!-- testMultipleSearches -->
        <test-method is-config="true" signature="tearDown(org.testng.ITestResult)[pri:0, instance:tests.GoogleSearchTest@55b7a4e0]" started-at="2026-06-13T00:26:31 IST" name="tearDown" finished-at="2026-06-13T00:26:31 IST" duration-ms="270" status="PASS">
          <params>
            <param index="0">
              <value>
                <![CDATA[[TestResult name=testMultipleSearches status=SUCCESS method=GoogleSearchTest.testMultipleSearches()[pri:5, instance:tests.GoogleSearchTest@55b7a4e0] output={null}]]]>
              </value>
            </param>
          </params>
          <reporter-output>
          </reporter-output>
        </test-method> <!-- tearDown -->
        <test-method is-config="true" signature="setUp()[pri:0, instance:tests.GoogleSearchTest@55b7a4e0]" started-at="2026-06-13T00:26:31 IST" name="setUp" finished-at="2026-06-13T00:26:32 IST" duration-ms="801" status="PASS">
          <reporter-output>
          </reporter-output>
        </test-method> <!-- setUp -->
        <test-method signature="testSearchWithSpecialCharacters()[pri:6, instance:tests.GoogleSearchTest@55b7a4e0]" started-at="2026-06-13T00:26:32 IST" name="testSearchWithSpecialCharacters" description="Search with special characters and verify results" finished-at="2026-06-13T00:26:37 IST" duration-ms="5385" status="PASS">
          <reporter-output>
          </reporter-output>
        </test-method> <!-- testSearchWithSpecialCharacters -->
        <test-method is-config="true" signature="tearDown(org.testng.ITestResult)[pri:0, instance:tests.GoogleSearchTest@55b7a4e0]" started-at="2026-06-13T00:26:37 IST" name="tearDown" finished-at="2026-06-13T00:26:38 IST" duration-ms="274" status="PASS">
          <params>
            <param index="0">
              <value>
                <![CDATA[[TestResult name=testSearchWithSpecialCharacters status=SUCCESS method=GoogleSearchTest.testSearchWithSpecialCharacters()[pri:6, instance:tests.GoogleSearchTest@55b7a4e0] output={null}]]]>
              </value>
            </param>
          </params>
          <reporter-output>
          </reporter-output>
        </test-method> <!-- tearDown -->
        <test-method is-config="true" signature="setUp()[pri:0, instance:tests.GoogleSearchTest@55b7a4e0]" started-at="2026-06-13T00:26:38 IST" name="setUp" finished-at="2026-06-13T00:26:39 IST" duration-ms="821" status="PASS">
          <reporter-output>
          </reporter-output>
        </test-method> <!-- setUp -->
        <test-method signature="testSearchWithNumbers()[pri:7, instance:tests.GoogleSearchTest@55b7a4e0]" started-at="2026-06-13T00:26:39 IST" name="testSearchWithNumbers" description="Search with numeric queries" finished-at="2026-06-13T00:26:44 IST" duration-ms="5084" status="PASS">
          <reporter-output>
          </reporter-output>
        </test-method> <!-- testSearchWithNumbers -->
        <test-method is-config="true" signature="tearDown(org.testng.ITestResult)[pri:0, instance:tests.GoogleSearchTest@55b7a4e0]" started-at="2026-06-13T00:26:44 IST" name="tearDown" finished-at="2026-06-13T00:26:44 IST" duration-ms="240" status="PASS">
          <params>
            <param index="0">
              <value>
                <![CDATA[[TestResult name=testSearchWithNumbers status=SUCCESS method=GoogleSearchTest.testSearchWithNumbers()[pri:7, instance:tests.GoogleSearchTest@55b7a4e0] output={null}]]]>
              </value>
            </param>
          </params>
          <reporter-output>
          </reporter-output>
        </test-method> <!-- tearDown -->
        <test-method is-config="true" signature="setUp()[pri:0, instance:tests.GoogleSearchTest@55b7a4e0]" started-at="2026-06-13T00:26:44 IST" name="setUp" finished-at="2026-06-13T00:26:45 IST" duration-ms="814" status="PASS">
          <reporter-output>
          </reporter-output>
        </test-method> <!-- setUp -->
        <test-method signature="testPageRefreshAfterSearch()[pri:8, instance:tests.GoogleSearchTest@55b7a4e0]" started-at="2026-06-13T00:26:45 IST" name="testPageRefreshAfterSearch" description="Verify page can be refreshed after search" finished-at="2026-06-13T00:26:55 IST" duration-ms="10262" status="PASS">
          <reporter-output>
          </reporter-output>
        </test-method> <!-- testPageRefreshAfterSearch -->
        <test-method is-config="true" signature="tearDown(org.testng.ITestResult)[pri:0, instance:tests.GoogleSearchTest@55b7a4e0]" started-at="2026-06-13T00:26:55 IST" name="tearDown" finished-at="2026-06-13T00:26:55 IST" duration-ms="309" status="PASS">
          <params>
            <param index="0">
              <value>
                <![CDATA[[TestResult name=testPageRefreshAfterSearch status=SUCCESS method=GoogleSearchTest.testPageRefreshAfterSearch()[pri:8, instance:tests.GoogleSearchTest@55b7a4e0] output={null}]]]>
              </value>
            </param>
          </params>
          <reporter-output>
          </reporter-output>
        </test-method> <!-- tearDown -->
        <test-method is-config="true" signature="setUp()[pri:0, instance:tests.GoogleSearchTest@55b7a4e0]" started-at="2026-06-13T00:26:55 IST" name="setUp" finished-at="2026-06-13T00:26:56 IST" duration-ms="800" status="PASS">
          <reporter-output>
          </reporter-output>
        </test-method> <!-- setUp -->
        <test-method signature="testSearchCaseInsensitive()[pri:9, instance:tests.GoogleSearchTest@55b7a4e0]" started-at="2026-06-13T00:26:56 IST" name="testSearchCaseInsensitive" description="Verify Google search is case insensitive" finished-at="2026-06-13T00:27:02 IST" duration-ms="5767" status="PASS">
          <reporter-output>
          </reporter-output>
        </test-method> <!-- testSearchCaseInsensitive -->
        <test-method is-config="true" signature="tearDown(org.testng.ITestResult)[pri:0, instance:tests.GoogleSearchTest@55b7a4e0]" started-at="2026-06-13T00:27:02 IST" name="tearDown" finished-at="2026-06-13T00:27:02 IST" duration-ms="262" status="PASS">
          <params>
            <param index="0">
              <value>
                <![CDATA[[TestResult name=testSearchCaseInsensitive status=SUCCESS method=GoogleSearchTest.testSearchCaseInsensitive()[pri:9, instance:tests.GoogleSearchTest@55b7a4e0] output={null}]]]>
              </value>
            </param>
          </params>
          <reporter-output>
          </reporter-output>
        </test-method> <!-- tearDown -->
        <test-method is-config="true" signature="setUp()[pri:0, instance:tests.GoogleSearchTest@55b7a4e0]" started-at="2026-06-13T00:27:02 IST" name="setUp" finished-at="2026-06-13T00:27:03 IST" duration-ms="767" status="PASS">
          <reporter-output>
          </reporter-output>
        </test-method> <!-- setUp -->
        <test-method signature="testSearchWithLongQuery()[pri:10, instance:tests.GoogleSearchTest@55b7a4e0]" started-at="2026-06-13T00:27:03 IST" name="testSearchWithLongQuery" description="Search with long query string" finished-at="2026-06-13T00:27:09 IST" duration-ms="6197" status="PASS">
          <reporter-output>
          </reporter-output>
        </test-method> <!-- testSearchWithLongQuery -->
        <test-method is-config="true" signature="tearDown(org.testng.ITestResult)[pri:0, instance:tests.GoogleSearchTest@55b7a4e0]" started-at="2026-06-13T00:27:09 IST" name="tearDown" finished-at="2026-06-13T00:27:09 IST" duration-ms="204" status="PASS">
          <params>
            <param index="0">
              <value>
                <![CDATA[[TestResult name=testSearchWithLongQuery status=SUCCESS method=GoogleSearchTest.testSearchWithLongQuery()[pri:10, instance:tests.GoogleSearchTest@55b7a4e0] output={null}]]]>
              </value>
            </param>
          </params>
          <reporter-output>
          </reporter-output>
        </test-method> <!-- tearDown -->
        <test-method is-config="true" signature="setUp()[pri:0, instance:tests.GoogleSearchTest@55b7a4e0]" started-at="2026-06-13T00:27:09 IST" name="setUp" finished-at="2026-06-13T00:27:10 IST" duration-ms="847" status="PASS">
          <reporter-output>
          </reporter-output>
        </test-method> <!-- setUp -->
        <test-method signature="testCurrentURLAfterSearch()[pri:11, instance:tests.GoogleSearchTest@55b7a4e0]" started-at="2026-06-13T00:27:10 IST" name="testCurrentURLAfterSearch" description="Verify URL is updated with search query" finished-at="2026-06-13T00:27:16 IST" duration-ms="6034" status="PASS">
          <reporter-output>
          </reporter-output>
        </test-method> <!-- testCurrentURLAfterSearch -->
        <test-method is-config="true" signature="tearDown(org.testng.ITestResult)[pri:0, instance:tests.GoogleSearchTest@55b7a4e0]" started-at="2026-06-13T00:27:16 IST" name="tearDown" finished-at="2026-06-13T00:27:16 IST" duration-ms="227" status="PASS">
          <params>
            <param index="0">
              <value>
                <![CDATA[[TestResult name=testCurrentURLAfterSearch status=SUCCESS method=GoogleSearchTest.testCurrentURLAfterSearch()[pri:11, instance:tests.GoogleSearchTest@55b7a4e0] output={null}]]]>
              </value>
            </param>
          </params>
          <reporter-output>
          </reporter-output>
        </test-method> <!-- tearDown -->
        <test-method is-config="true" signature="setUp()[pri:0, instance:tests.GoogleSearchTest@55b7a4e0]" started-at="2026-06-13T00:27:16 IST" name="setUp" finished-at="2026-06-13T00:27:17 IST" duration-ms="789" status="PASS">
          <reporter-output>
          </reporter-output>
        </test-method> <!-- setUp -->
        <test-method signature="testPageTitleAfterSearch()[pri:12, instance:tests.GoogleSearchTest@55b7a4e0]" started-at="2026-06-13T00:27:17 IST" name="testPageTitleAfterSearch" description="Verify page title contains search query" finished-at="2026-06-13T00:27:23 IST" duration-ms="5982" status="PASS">
          <reporter-output>
          </reporter-output>
        </test-method> <!-- testPageTitleAfterSearch -->
        <test-method is-config="true" signature="tearDown(org.testng.ITestResult)[pri:0, instance:tests.GoogleSearchTest@55b7a4e0]" started-at="2026-06-13T00:27:23 IST" name="tearDown" finished-at="2026-06-13T00:27:23 IST" duration-ms="272" status="PASS">
          <params>
            <param index="0">
              <value>
                <![CDATA[[TestResult name=testPageTitleAfterSearch status=SUCCESS method=GoogleSearchTest.testPageTitleAfterSearch()[pri:12, instance:tests.GoogleSearchTest@55b7a4e0] output={null}]]]>
              </value>
            </param>
          </params>
          <reporter-output>
          </reporter-output>
        </test-method> <!-- tearDown -->
        <test-method is-config="true" signature="setUp()[pri:0, instance:tests.GoogleSearchTest@55b7a4e0]" started-at="2026-06-13T00:27:23 IST" name="setUp" finished-at="2026-06-13T00:27:24 IST" duration-ms="784" status="PASS">
          <reporter-output>
          </reporter-output>
        </test-method> <!-- setUp -->
        <test-method signature="testResultsCountNotEmpty()[pri:13, instance:tests.GoogleSearchTest@55b7a4e0]" started-at="2026-06-13T00:27:24 IST" name="testResultsCountNotEmpty" description="Verify results count is displayed and not empty" finished-at="2026-06-13T00:27:29 IST" duration-ms="5251" status="PASS">
          <reporter-output>
          </reporter-output>
        </test-method> <!-- testResultsCountNotEmpty -->
        <test-method is-config="true" signature="tearDown(org.testng.ITestResult)[pri:0, instance:tests.GoogleSearchTest@55b7a4e0]" started-at="2026-06-13T00:27:29 IST" name="tearDown" finished-at="2026-06-13T00:27:30 IST" duration-ms="256" status="PASS">
          <params>
            <param index="0">
              <value>
                <![CDATA[[TestResult name=testResultsCountNotEmpty status=SUCCESS method=GoogleSearchTest.testResultsCountNotEmpty()[pri:13, instance:tests.GoogleSearchTest@55b7a4e0] output={null}]]]>
              </value>
            </param>
          </params>
          <reporter-output>
          </reporter-output>
        </test-method> <!-- tearDown -->
        <test-method is-config="true" signature="setUp()[pri:0, instance:tests.GoogleSearchTest@55b7a4e0]" started-at="2026-06-13T00:27:30 IST" name="setUp" finished-at="2026-06-13T00:27:31 IST" duration-ms="859" status="PASS">
          <reporter-output>
          </reporter-output>
        </test-method> <!-- setUp -->
        <test-method signature="testSearchWithSingleCharacter()[pri:14, instance:tests.GoogleSearchTest@55b7a4e0]" started-at="2026-06-13T00:27:31 IST" name="testSearchWithSingleCharacter" description="Search with single character query" finished-at="2026-06-13T00:27:36 IST" duration-ms="5385" status="PASS">
          <reporter-output>
          </reporter-output>
        </test-method> <!-- testSearchWithSingleCharacter -->
        <test-method is-config="true" signature="tearDown(org.testng.ITestResult)[pri:0, instance:tests.GoogleSearchTest@55b7a4e0]" started-at="2026-06-13T00:27:36 IST" name="tearDown" finished-at="2026-06-13T00:27:36 IST" duration-ms="266" status="PASS">
          <params>
            <param index="0">
              <value>
                <![CDATA[[TestResult name=testSearchWithSingleCharacter status=SUCCESS method=GoogleSearchTest.testSearchWithSingleCharacter()[pri:14, instance:tests.GoogleSearchTest@55b7a4e0] output={null}]]]>
              </value>
            </param>
          </params>
          <reporter-output>
          </reporter-output>
        </test-method> <!-- tearDown -->
        <test-method is-config="true" signature="setUp()[pri:0, instance:tests.GoogleSearchTest@55b7a4e0]" started-at="2026-06-13T00:27:36 IST" name="setUp" finished-at="2026-06-13T00:27:37 IST" duration-ms="892" status="PASS">
          <reporter-output>
          </reporter-output>
        </test-method> <!-- setUp -->
        <test-method signature="testBackNavigationAfterSearch()[pri:15, instance:tests.GoogleSearchTest@55b7a4e0]" started-at="2026-06-13T00:27:37 IST" name="testBackNavigationAfterSearch" description="Verify browser back button works after search" finished-at="2026-06-13T00:27:44 IST" duration-ms="6735" status="PASS">
          <reporter-output>
          </reporter-output>
        </test-method> <!-- testBackNavigationAfterSearch -->
        <test-method is-config="true" signature="tearDown(org.testng.ITestResult)[pri:0, instance:tests.GoogleSearchTest@55b7a4e0]" started-at="2026-06-13T00:27:44 IST" name="tearDown" finished-at="2026-06-13T00:27:44 IST" duration-ms="230" status="PASS">
          <params>
            <param index="0">
              <value>
                <![CDATA[[TestResult name=testBackNavigationAfterSearch status=SUCCESS method=GoogleSearchTest.testBackNavigationAfterSearch()[pri:15, instance:tests.GoogleSearchTest@55b7a4e0] output={null}]]]>
              </value>
            </param>
          </params>
          <reporter-output>
          </reporter-output>
        </test-method> <!-- tearDown -->
      </class> <!-- tests.GoogleSearchTest -->
      <class name="tests.GooglePageObjectTest">
        <test-method is-config="true" signature="setUp()[pri:0, instance:tests.GooglePageObjectTest@5c5eefef]" started-at="2026-06-13T00:27:44 IST" name="setUp" finished-at="2026-06-13T00:27:45 IST" duration-ms="803" status="PASS">
          <reporter-output>
          </reporter-output>
        </test-method> <!-- setUp -->
        <test-method signature="testSearchWithPageObject()[pri:0, instance:tests.GooglePageObjectTest@5c5eefef]" started-at="2026-06-13T00:27:45 IST" name="testSearchWithPageObject" finished-at="2026-06-13T00:27:47 IST" duration-ms="2115" status="PASS">
          <reporter-output>
          </reporter-output>
        </test-method> <!-- testSearchWithPageObject -->
        <test-method is-config="true" signature="tearDown(org.testng.ITestResult)[pri:0, instance:tests.GooglePageObjectTest@5c5eefef]" started-at="2026-06-13T00:27:47 IST" name="tearDown" finished-at="2026-06-13T00:27:47 IST" duration-ms="214" status="PASS">
          <params>
            <param index="0">
              <value>
                <![CDATA[[TestResult name=testSearchWithPageObject status=SUCCESS method=GooglePageObjectTest.testSearchWithPageObject()[pri:0, instance:tests.GooglePageObjectTest@5c5eefef] output={null}]]]>
              </value>
            </param>
          </params>
          <reporter-output>
          </reporter-output>
        </test-method> <!-- tearDown -->
      </class> <!-- tests.GooglePageObjectTest -->
    </test> <!-- Google Tests -->
  </suite> <!-- Selenium Test Suite -->
</testng-results>
