<?xml version="1.0" encoding="UTF-8"?>
<testng-results ignored="0" total="1" passed="1" failed="0" skipped="0">
  <reporter-output>
  </reporter-output>
  <suite started-at="2026-06-20T12:50:06 IST" name="Selenium Test Suite" finished-at="2026-06-20T12:50:12 IST" duration-ms="6985">
    <groups>
    </groups>
    <test started-at="2026-06-20T12:50:06 IST" name="Google Tests" finished-at="2026-06-20T12:50:12 IST" duration-ms="6985">
      <class name="tests.GooglePageObjectTest">
        <test-method is-config="true" signature="setUp()[pri:0, instance:tests.GooglePageObjectTest@5f058f00]" started-at="2026-06-20T12:50:06 IST" name="setUp" finished-at="2026-06-20T12:50:10 IST" duration-ms="4163" status="PASS">
          <reporter-output>
          </reporter-output>
        </test-method> <!-- setUp -->
        <test-method signature="testSearchWithPageObject()[pri:0, instance:tests.GooglePageObjectTest@5f058f00]" started-at="2026-06-20T12:50:10 IST" name="testSearchWithPageObject" finished-at="2026-06-20T12:50:12 IST" duration-ms="2030" status="PASS">
          <reporter-output>
          </reporter-output>
        </test-method> <!-- testSearchWithPageObject -->
        <test-method is-config="true" signature="tearDown(org.testng.ITestResult)[pri:0, instance:tests.GooglePageObjectTest@5f058f00]" started-at="2026-06-20T12:50:12 IST" name="tearDown" finished-at="2026-06-20T12:50:12 IST" duration-ms="757" status="PASS">
          <params>
            <param index="0">
              <value>
                <![CDATA[[TestResult name=testSearchWithPageObject status=SUCCESS method=GooglePageObjectTest.testSearchWithPageObject()[pri:0, instance:tests.GooglePageObjectTest@5f058f00] output={null}]]]>
              </value>
            </param>
          </params>
          <reporter-output>
          </reporter-output>
        </test-method> <!-- tearDown -->
      </class> <!-- tests.GooglePageObjectTest -->
    </test> <!-- Google Tests -->
  </suite> <!-- Selenium Test Suite -->
</testng-results>
