<?xml version="1.0" encoding="UTF-8"?>
<testng-results ignored="0" total="15" passed="8" failed="7" skipped="0">
  <reporter-output>
  </reporter-output>
  <suite started-at="2026-06-13T01:39:30 IST" name="Default suite" finished-at="2026-06-13T01:42:53 IST" duration-ms="202867">
    <groups>
    </groups>
    <test started-at="2026-06-13T01:39:30 IST" name="Default test" finished-at="2026-06-13T01:42:53 IST" duration-ms="202867">
      <class name="tests.GoogleSearchTest">
        <test-method is-config="true" signature="setUp()[pri:0, instance:tests.GoogleSearchTest@3590fc5b]" started-at="2026-06-13T01:39:30 IST" name="setUp" finished-at="2026-06-13T01:39:32 IST" duration-ms="2193" status="PASS">
          <reporter-output>
          </reporter-output>
        </test-method> <!-- setUp -->
        <test-method signature="testPageTitle()[pri:1, instance:tests.GoogleSearchTest@3590fc5b]" started-at="2026-06-13T01:39:32 IST" name="testPageTitle" description="Verify Google page title contains &#039;Google&#039;" finished-at="2026-06-13T01:39:33 IST" duration-ms="1235" status="PASS">
          <reporter-output>
          </reporter-output>
        </test-method> <!-- testPageTitle -->
        <test-method is-config="true" signature="tearDown(org.testng.ITestResult)[pri:0, instance:tests.GoogleSearchTest@3590fc5b]" started-at="2026-06-13T01:39:33 IST" name="tearDown" finished-at="2026-06-13T01:39:34 IST" duration-ms="711" status="PASS">
          <params>
            <param index="0">
              <value>
                <![CDATA[[TestResult name=testPageTitle status=SUCCESS method=GoogleSearchTest.testPageTitle()[pri:1, instance:tests.GoogleSearchTest@3590fc5b] output={null}]]]>
              </value>
            </param>
          </params>
          <reporter-output>
          </reporter-output>
        </test-method> <!-- tearDown -->
        <test-method is-config="true" signature="setUp()[pri:0, instance:tests.GoogleSearchTest@3590fc5b]" started-at="2026-06-13T01:39:34 IST" name="setUp" finished-at="2026-06-13T01:39:35 IST" duration-ms="1000" status="PASS">
          <reporter-output>
          </reporter-output>
        </test-method> <!-- setUp -->
        <test-method signature="testSearchWithValidQuery()[pri:2, instance:tests.GoogleSearchTest@3590fc5b]" started-at="2026-06-13T01:39:35 IST" name="testSearchWithValidQuery" description="Search for &#039;Selenium WebDriver&#039; and verify results" finished-at="2026-06-13T01:39:52 IST" duration-ms="16916" status="PASS">
          <reporter-output>
          </reporter-output>
        </test-method> <!-- testSearchWithValidQuery -->
        <test-method is-config="true" signature="tearDown(org.testng.ITestResult)[pri:0, instance:tests.GoogleSearchTest@3590fc5b]" started-at="2026-06-13T01:39:52 IST" name="tearDown" finished-at="2026-06-13T01:39:53 IST" duration-ms="1022" status="PASS">
          <params>
            <param index="0">
              <value>
                <![CDATA[[TestResult name=testSearchWithValidQuery status=SUCCESS method=GoogleSearchTest.testSearchWithValidQuery()[pri:2, instance:tests.GoogleSearchTest@3590fc5b] output={null}]]]>
              </value>
            </param>
          </params>
          <reporter-output>
          </reporter-output>
        </test-method> <!-- tearDown -->
        <test-method is-config="true" signature="setUp()[pri:0, instance:tests.GoogleSearchTest@3590fc5b]" started-at="2026-06-13T01:39:53 IST" name="setUp" finished-at="2026-06-13T01:39:54 IST" duration-ms="1195" status="PASS">
          <reporter-output>
          </reporter-output>
        </test-method> <!-- setUp -->
        <test-method signature="testSearchWithDifferentKeyword()[pri:3, instance:tests.GoogleSearchTest@3590fc5b]" started-at="2026-06-13T01:39:54 IST" name="testSearchWithDifferentKeyword" description="Search for &#039;Java Programming&#039; and verify results" finished-at="2026-06-13T01:40:08 IST" duration-ms="14017" status="FAIL">
          <exception class="java.lang.AssertionError">
            <message>
              <![CDATA[Results should be displayed for 'Java Programming' search expected [true] but found [false]]]>
            </message>
            <full-stacktrace>
              <![CDATA[java.lang.AssertionError: Results should be displayed for 'Java Programming' search expected [true] but found [false]
at org.testng.Assert.fail(Assert.java:111)
at org.testng.Assert.failNotEquals(Assert.java:1578)
at org.testng.Assert.assertTrue(Assert.java:57)
at tests.GoogleSearchTest.testSearchWithDifferentKeyword(GoogleSearchTest.java:81)
at java.base/jdk.internal.reflect.DirectMethodHandleAccessor.invoke(DirectMethodHandleAccessor.java:103)
at java.base/java.lang.reflect.Method.invoke(Method.java:580)
at org.testng.internal.invokers.MethodInvocationHelper.invokeMethod(MethodInvocationHelper.java:139)
at org.testng.internal.invokers.TestInvoker.invokeMethod(TestInvoker.java:664)
at org.testng.internal.invokers.TestInvoker.invokeTestMethod(TestInvoker.java:228)
at org.testng.internal.invokers.MethodRunner.runInSequence(MethodRunner.java:63)
at org.testng.internal.invokers.TestInvoker$MethodInvocationAgent.invoke(TestInvoker.java:961)
at org.testng.internal.invokers.TestInvoker.invokeTestMethods(TestInvoker.java:201)
at org.testng.internal.invokers.TestMethodWorker.invokeTestMethods(TestMethodWorker.java:148)
at org.testng.internal.invokers.TestMethodWorker.run(TestMethodWorker.java:128)
at java.base/java.util.ArrayList.forEach(ArrayList.java:1596)
at org.testng.TestRunner.privateRun(TestRunner.java:819)
at org.testng.TestRunner.run(TestRunner.java:619)
at org.testng.SuiteRunner.runTest(SuiteRunner.java:443)
at org.testng.SuiteRunner.runSequentially(SuiteRunner.java:437)
at org.testng.SuiteRunner.privateRun(SuiteRunner.java:397)
at org.testng.SuiteRunner.run(SuiteRunner.java:336)
at org.testng.SuiteRunnerWorker.runSuite(SuiteRunnerWorker.java:52)
at org.testng.SuiteRunnerWorker.run(SuiteRunnerWorker.java:95)
at org.testng.TestNG.runSuitesSequentially(TestNG.java:1301)
at org.testng.TestNG.runSuitesLocally(TestNG.java:1228)
at org.testng.TestNG.runSuites(TestNG.java:1134)
at org.testng.TestNG.run(TestNG.java:1101)
at org.testng.remote.AbstractRemoteTestNG.run(AbstractRemoteTestNG.java:115)
at org.testng.remote.RemoteTestNG.initAndRun(RemoteTestNG.java:293)
at org.testng.remote.RemoteTestNG.main(RemoteTestNG.java:91)
]]>
            </full-stacktrace>
          </exception> <!-- java.lang.AssertionError -->
          <reporter-output>
          </reporter-output>
        </test-method> <!-- testSearchWithDifferentKeyword -->
        <test-method is-config="true" signature="tearDown(org.testng.ITestResult)[pri:0, instance:tests.GoogleSearchTest@3590fc5b]" started-at="2026-06-13T01:40:08 IST" name="tearDown" finished-at="2026-06-13T01:40:09 IST" duration-ms="1073" status="PASS">
          <params>
            <param index="0">
              <value>
                <![CDATA[[TestResult name=testSearchWithDifferentKeyword status=FAILURE method=GoogleSearchTest.testSearchWithDifferentKeyword()[pri:3, instance:tests.GoogleSearchTest@3590fc5b] output={null}]]]>
              </value>
            </param>
          </params>
          <reporter-output>
          </reporter-output>
        </test-method> <!-- tearDown -->
        <test-method is-config="true" signature="setUp()[pri:0, instance:tests.GoogleSearchTest@3590fc5b]" started-at="2026-06-13T01:40:09 IST" name="setUp" finished-at="2026-06-13T01:40:10 IST" duration-ms="915" status="PASS">
          <reporter-output>
          </reporter-output>
        </test-method> <!-- setUp -->
        <test-method signature="testSearchQueryInURL()[pri:4, instance:tests.GoogleSearchTest@3590fc5b]" started-at="2026-06-13T01:40:10 IST" name="testSearchQueryInURL" description="Verify URL contains search query parameter" finished-at="2026-06-13T01:40:15 IST" duration-ms="4234" status="PASS">
          <reporter-output>
          </reporter-output>
        </test-method> <!-- testSearchQueryInURL -->
        <test-method is-config="true" signature="tearDown(org.testng.ITestResult)[pri:0, instance:tests.GoogleSearchTest@3590fc5b]" started-at="2026-06-13T01:40:15 IST" name="tearDown" finished-at="2026-06-13T01:40:15 IST" duration-ms="682" status="PASS">
          <params>
            <param index="0">
              <value>
                <![CDATA[[TestResult name=testSearchQueryInURL status=SUCCESS method=GoogleSearchTest.testSearchQueryInURL()[pri:4, instance:tests.GoogleSearchTest@3590fc5b] output={null}]]]>
              </value>
            </param>
          </params>
          <reporter-output>
          </reporter-output>
        </test-method> <!-- tearDown -->
        <test-method is-config="true" signature="setUp()[pri:0, instance:tests.GoogleSearchTest@3590fc5b]" started-at="2026-06-13T01:40:15 IST" name="setUp" finished-at="2026-06-13T01:40:16 IST" duration-ms="902" status="PASS">
          <reporter-output>
          </reporter-output>
        </test-method> <!-- setUp -->
        <test-method signature="testMultipleSearches()[pri:5, instance:tests.GoogleSearchTest@3590fc5b]" started-at="2026-06-13T01:40:16 IST" name="testMultipleSearches" description="Perform multiple sequential searches" finished-at="2026-06-13T01:40:30 IST" duration-ms="14158" status="FAIL">
          <exception class="java.lang.AssertionError">
            <message>
              <![CDATA[First search should have results expected [true] but found [false]]]>
            </message>
            <full-stacktrace>
              <![CDATA[java.lang.AssertionError: First search should have results expected [true] but found [false]
at org.testng.Assert.fail(Assert.java:111)
at org.testng.Assert.failNotEquals(Assert.java:1578)
at org.testng.Assert.assertTrue(Assert.java:57)
at tests.GoogleSearchTest.testMultipleSearches(GoogleSearchTest.java:125)
at java.base/jdk.internal.reflect.DirectMethodHandleAccessor.invoke(DirectMethodHandleAccessor.java:103)
at java.base/java.lang.reflect.Method.invoke(Method.java:580)
at org.testng.internal.invokers.MethodInvocationHelper.invokeMethod(MethodInvocationHelper.java:139)
at org.testng.internal.invokers.TestInvoker.invokeMethod(TestInvoker.java:664)
at org.testng.internal.invokers.TestInvoker.invokeTestMethod(TestInvoker.java:228)
at org.testng.internal.invokers.MethodRunner.runInSequence(MethodRunner.java:63)
at org.testng.internal.invokers.TestInvoker$MethodInvocationAgent.invoke(TestInvoker.java:961)
at org.testng.internal.invokers.TestInvoker.invokeTestMethods(TestInvoker.java:201)
at org.testng.internal.invokers.TestMethodWorker.invokeTestMethods(TestMethodWorker.java:148)
at org.testng.internal.invokers.TestMethodWorker.run(TestMethodWorker.java:128)
at java.base/java.util.ArrayList.forEach(ArrayList.java:1596)
at org.testng.TestRunner.privateRun(TestRunner.java:819)
at org.testng.TestRunner.run(TestRunner.java:619)
at org.testng.SuiteRunner.runTest(SuiteRunner.java:443)
at org.testng.SuiteRunner.runSequentially(SuiteRunner.java:437)
at org.testng.SuiteRunner.privateRun(SuiteRunner.java:397)
at org.testng.SuiteRunner.run(SuiteRunner.java:336)
at org.testng.SuiteRunnerWorker.runSuite(SuiteRunnerWorker.java:52)
at org.testng.SuiteRunnerWorker.run(SuiteRunnerWorker.java:95)
at org.testng.TestNG.runSuitesSequentially(TestNG.java:1301)
at org.testng.TestNG.runSuitesLocally(TestNG.java:1228)
at org.testng.TestNG.runSuites(TestNG.java:1134)
at org.testng.TestNG.run(TestNG.java:1101)
at org.testng.remote.AbstractRemoteTestNG.run(AbstractRemoteTestNG.java:115)
at org.testng.remote.RemoteTestNG.initAndRun(RemoteTestNG.java:293)
at org.testng.remote.RemoteTestNG.main(RemoteTestNG.java:91)
]]>
            </full-stacktrace>
          </exception> <!-- java.lang.AssertionError -->
          <reporter-output>
          </reporter-output>
        </test-method> <!-- testMultipleSearches -->
        <test-method is-config="true" signature="tearDown(org.testng.ITestResult)[pri:0, instance:tests.GoogleSearchTest@3590fc5b]" started-at="2026-06-13T01:40:30 IST" name="tearDown" finished-at="2026-06-13T01:40:31 IST" duration-ms="1103" status="PASS">
          <params>
            <param index="0">
              <value>
                <![CDATA[[TestResult name=testMultipleSearches status=FAILURE method=GoogleSearchTest.testMultipleSearches()[pri:5, instance:tests.GoogleSearchTest@3590fc5b] output={null}]]]>
              </value>
            </param>
          </params>
          <reporter-output>
          </reporter-output>
        </test-method> <!-- tearDown -->
        <test-method is-config="true" signature="setUp()[pri:0, instance:tests.GoogleSearchTest@3590fc5b]" started-at="2026-06-13T01:40:31 IST" name="setUp" finished-at="2026-06-13T01:40:33 IST" duration-ms="1257" status="PASS">
          <reporter-output>
          </reporter-output>
        </test-method> <!-- setUp -->
        <test-method signature="testSearchWithSpecialCharacters()[pri:6, instance:tests.GoogleSearchTest@3590fc5b]" started-at="2026-06-13T01:40:33 IST" name="testSearchWithSpecialCharacters" description="Search with special characters and verify results" finished-at="2026-06-13T01:40:47 IST" duration-ms="14538" status="FAIL">
          <exception class="java.lang.AssertionError">
            <message>
              <![CDATA[Results should be displayed even with special characters expected [true] but found [false]]]>
            </message>
            <full-stacktrace>
              <![CDATA[java.lang.AssertionError: Results should be displayed even with special characters expected [true] but found [false]
at org.testng.Assert.fail(Assert.java:111)
at org.testng.Assert.failNotEquals(Assert.java:1578)
at org.testng.Assert.assertTrue(Assert.java:57)
at tests.GoogleSearchTest.testSearchWithSpecialCharacters(GoogleSearchTest.java:159)
at java.base/jdk.internal.reflect.DirectMethodHandleAccessor.invoke(DirectMethodHandleAccessor.java:103)
at java.base/java.lang.reflect.Method.invoke(Method.java:580)
at org.testng.internal.invokers.MethodInvocationHelper.invokeMethod(MethodInvocationHelper.java:139)
at org.testng.internal.invokers.TestInvoker.invokeMethod(TestInvoker.java:664)
at org.testng.internal.invokers.TestInvoker.invokeTestMethod(TestInvoker.java:228)
at org.testng.internal.invokers.MethodRunner.runInSequence(MethodRunner.java:63)
at org.testng.internal.invokers.TestInvoker$MethodInvocationAgent.invoke(TestInvoker.java:961)
at org.testng.internal.invokers.TestInvoker.invokeTestMethods(TestInvoker.java:201)
at org.testng.internal.invokers.TestMethodWorker.invokeTestMethods(TestMethodWorker.java:148)
at org.testng.internal.invokers.TestMethodWorker.run(TestMethodWorker.java:128)
at java.base/java.util.ArrayList.forEach(ArrayList.java:1596)
at org.testng.TestRunner.privateRun(TestRunner.java:819)
at org.testng.TestRunner.run(TestRunner.java:619)
at org.testng.SuiteRunner.runTest(SuiteRunner.java:443)
at org.testng.SuiteRunner.runSequentially(SuiteRunner.java:437)
at org.testng.SuiteRunner.privateRun(SuiteRunner.java:397)
at org.testng.SuiteRunner.run(SuiteRunner.java:336)
at org.testng.SuiteRunnerWorker.runSuite(SuiteRunnerWorker.java:52)
at org.testng.SuiteRunnerWorker.run(SuiteRunnerWorker.java:95)
at org.testng.TestNG.runSuitesSequentially(TestNG.java:1301)
at org.testng.TestNG.runSuitesLocally(TestNG.java:1228)
at org.testng.TestNG.runSuites(TestNG.java:1134)
at org.testng.TestNG.run(TestNG.java:1101)
at org.testng.remote.AbstractRemoteTestNG.run(AbstractRemoteTestNG.java:115)
at org.testng.remote.RemoteTestNG.initAndRun(RemoteTestNG.java:293)
at org.testng.remote.RemoteTestNG.main(RemoteTestNG.java:91)
]]>
            </full-stacktrace>
          </exception> <!-- java.lang.AssertionError -->
          <reporter-output>
          </reporter-output>
        </test-method> <!-- testSearchWithSpecialCharacters -->
        <test-method is-config="true" signature="tearDown(org.testng.ITestResult)[pri:0, instance:tests.GoogleSearchTest@3590fc5b]" started-at="2026-06-13T01:40:47 IST" name="tearDown" finished-at="2026-06-13T01:40:48 IST" duration-ms="1087" status="PASS">
          <params>
            <param index="0">
              <value>
                <![CDATA[[TestResult name=testSearchWithSpecialCharacters status=FAILURE method=GoogleSearchTest.testSearchWithSpecialCharacters()[pri:6, instance:tests.GoogleSearchTest@3590fc5b] output={null}]]]>
              </value>
            </param>
          </params>
          <reporter-output>
          </reporter-output>
        </test-method> <!-- tearDown -->
        <test-method is-config="true" signature="setUp()[pri:0, instance:tests.GoogleSearchTest@3590fc5b]" started-at="2026-06-13T01:40:48 IST" name="setUp" finished-at="2026-06-13T01:40:49 IST" duration-ms="889" status="PASS">
          <reporter-output>
          </reporter-output>
        </test-method> <!-- setUp -->
        <test-method signature="testSearchWithNumbers()[pri:7, instance:tests.GoogleSearchTest@3590fc5b]" started-at="2026-06-13T01:40:49 IST" name="testSearchWithNumbers" description="Search with numeric queries" finished-at="2026-06-13T01:41:04 IST" duration-ms="14827" status="FAIL">
          <exception class="java.lang.AssertionError">
            <message>
              <![CDATA[Results should be displayed for numeric search queries expected [true] but found [false]]]>
            </message>
            <full-stacktrace>
              <![CDATA[java.lang.AssertionError: Results should be displayed for numeric search queries expected [true] but found [false]
at org.testng.Assert.fail(Assert.java:111)
at org.testng.Assert.failNotEquals(Assert.java:1578)
at org.testng.Assert.assertTrue(Assert.java:57)
at tests.GoogleSearchTest.testSearchWithNumbers(GoogleSearchTest.java:184)
at java.base/jdk.internal.reflect.DirectMethodHandleAccessor.invoke(DirectMethodHandleAccessor.java:103)
at java.base/java.lang.reflect.Method.invoke(Method.java:580)
at org.testng.internal.invokers.MethodInvocationHelper.invokeMethod(MethodInvocationHelper.java:139)
at org.testng.internal.invokers.TestInvoker.invokeMethod(TestInvoker.java:664)
at org.testng.internal.invokers.TestInvoker.invokeTestMethod(TestInvoker.java:228)
at org.testng.internal.invokers.MethodRunner.runInSequence(MethodRunner.java:63)
at org.testng.internal.invokers.TestInvoker$MethodInvocationAgent.invoke(TestInvoker.java:961)
at org.testng.internal.invokers.TestInvoker.invokeTestMethods(TestInvoker.java:201)
at org.testng.internal.invokers.TestMethodWorker.invokeTestMethods(TestMethodWorker.java:148)
at org.testng.internal.invokers.TestMethodWorker.run(TestMethodWorker.java:128)
at java.base/java.util.ArrayList.forEach(ArrayList.java:1596)
at org.testng.TestRunner.privateRun(TestRunner.java:819)
at org.testng.TestRunner.run(TestRunner.java:619)
at org.testng.SuiteRunner.runTest(SuiteRunner.java:443)
at org.testng.SuiteRunner.runSequentially(SuiteRunner.java:437)
at org.testng.SuiteRunner.privateRun(SuiteRunner.java:397)
at org.testng.SuiteRunner.run(SuiteRunner.java:336)
at org.testng.SuiteRunnerWorker.runSuite(SuiteRunnerWorker.java:52)
at org.testng.SuiteRunnerWorker.run(SuiteRunnerWorker.java:95)
at org.testng.TestNG.runSuitesSequentially(TestNG.java:1301)
at org.testng.TestNG.runSuitesLocally(TestNG.java:1228)
at org.testng.TestNG.runSuites(TestNG.java:1134)
at org.testng.TestNG.run(TestNG.java:1101)
at org.testng.remote.AbstractRemoteTestNG.run(AbstractRemoteTestNG.java:115)
at org.testng.remote.RemoteTestNG.initAndRun(RemoteTestNG.java:293)
at org.testng.remote.RemoteTestNG.main(RemoteTestNG.java:91)
]]>
            </full-stacktrace>
          </exception> <!-- java.lang.AssertionError -->
          <reporter-output>
          </reporter-output>
        </test-method> <!-- testSearchWithNumbers -->
        <test-method is-config="true" signature="tearDown(org.testng.ITestResult)[pri:0, instance:tests.GoogleSearchTest@3590fc5b]" started-at="2026-06-13T01:41:04 IST" name="tearDown" finished-at="2026-06-13T01:41:05 IST" duration-ms="1062" status="PASS">
          <params>
            <param index="0">
              <value>
                <![CDATA[[TestResult name=testSearchWithNumbers status=FAILURE method=GoogleSearchTest.testSearchWithNumbers()[pri:7, instance:tests.GoogleSearchTest@3590fc5b] output={null}]]]>
              </value>
            </param>
          </params>
          <reporter-output>
          </reporter-output>
        </test-method> <!-- tearDown -->
        <test-method is-config="true" signature="setUp()[pri:0, instance:tests.GoogleSearchTest@3590fc5b]" started-at="2026-06-13T01:41:05 IST" name="setUp" finished-at="2026-06-13T01:41:06 IST" duration-ms="870" status="PASS">
          <reporter-output>
          </reporter-output>
        </test-method> <!-- setUp -->
        <test-method signature="testPageRefreshAfterSearch()[pri:8, instance:tests.GoogleSearchTest@3590fc5b]" started-at="2026-06-13T01:41:06 IST" name="testPageRefreshAfterSearch" description="Verify page can be refreshed after search" finished-at="2026-06-13T01:41:21 IST" duration-ms="14505" status="FAIL">
          <exception class="java.lang.AssertionError">
            <message>
              <![CDATA[Results should be displayed before refresh expected [true] but found [false]]]>
            </message>
            <full-stacktrace>
              <![CDATA[java.lang.AssertionError: Results should be displayed before refresh expected [true] but found [false]
at org.testng.Assert.fail(Assert.java:111)
at org.testng.Assert.failNotEquals(Assert.java:1578)
at org.testng.Assert.assertTrue(Assert.java:57)
at tests.GoogleSearchTest.testPageRefreshAfterSearch(GoogleSearchTest.java:209)
at java.base/jdk.internal.reflect.DirectMethodHandleAccessor.invoke(DirectMethodHandleAccessor.java:103)
at java.base/java.lang.reflect.Method.invoke(Method.java:580)
at org.testng.internal.invokers.MethodInvocationHelper.invokeMethod(MethodInvocationHelper.java:139)
at org.testng.internal.invokers.TestInvoker.invokeMethod(TestInvoker.java:664)
at org.testng.internal.invokers.TestInvoker.invokeTestMethod(TestInvoker.java:228)
at org.testng.internal.invokers.MethodRunner.runInSequence(MethodRunner.java:63)
at org.testng.internal.invokers.TestInvoker$MethodInvocationAgent.invoke(TestInvoker.java:961)
at org.testng.internal.invokers.TestInvoker.invokeTestMethods(TestInvoker.java:201)
at org.testng.internal.invokers.TestMethodWorker.invokeTestMethods(TestMethodWorker.java:148)
at org.testng.internal.invokers.TestMethodWorker.run(TestMethodWorker.java:128)
at java.base/java.util.ArrayList.forEach(ArrayList.java:1596)
at org.testng.TestRunner.privateRun(TestRunner.java:819)
at org.testng.TestRunner.run(TestRunner.java:619)
at org.testng.SuiteRunner.runTest(SuiteRunner.java:443)
at org.testng.SuiteRunner.runSequentially(SuiteRunner.java:437)
at org.testng.SuiteRunner.privateRun(SuiteRunner.java:397)
at org.testng.SuiteRunner.run(SuiteRunner.java:336)
at org.testng.SuiteRunnerWorker.runSuite(SuiteRunnerWorker.java:52)
at org.testng.SuiteRunnerWorker.run(SuiteRunnerWorker.java:95)
at org.testng.TestNG.runSuitesSequentially(TestNG.java:1301)
at org.testng.TestNG.runSuitesLocally(TestNG.java:1228)
at org.testng.TestNG.runSuites(TestNG.java:1134)
at org.testng.TestNG.run(TestNG.java:1101)
at org.testng.remote.AbstractRemoteTestNG.run(AbstractRemoteTestNG.java:115)
at org.testng.remote.RemoteTestNG.initAndRun(RemoteTestNG.java:293)
at org.testng.remote.RemoteTestNG.main(RemoteTestNG.java:91)
]]>
            </full-stacktrace>
          </exception> <!-- java.lang.AssertionError -->
          <reporter-output>
          </reporter-output>
        </test-method> <!-- testPageRefreshAfterSearch -->
        <test-method is-config="true" signature="tearDown(org.testng.ITestResult)[pri:0, instance:tests.GoogleSearchTest@3590fc5b]" started-at="2026-06-13T01:41:21 IST" name="tearDown" finished-at="2026-06-13T01:41:22 IST" duration-ms="1063" status="PASS">
          <params>
            <param index="0">
              <value>
                <![CDATA[[TestResult name=testPageRefreshAfterSearch status=FAILURE method=GoogleSearchTest.testPageRefreshAfterSearch()[pri:8, instance:tests.GoogleSearchTest@3590fc5b] output={null}]]]>
              </value>
            </param>
          </params>
          <reporter-output>
          </reporter-output>
        </test-method> <!-- tearDown -->
        <test-method is-config="true" signature="setUp()[pri:0, instance:tests.GoogleSearchTest@3590fc5b]" started-at="2026-06-13T01:41:22 IST" name="setUp" finished-at="2026-06-13T01:41:23 IST" duration-ms="911" status="PASS">
          <reporter-output>
          </reporter-output>
        </test-method> <!-- setUp -->
        <test-method signature="testSearchCaseInsensitive()[pri:9, instance:tests.GoogleSearchTest@3590fc5b]" started-at="2026-06-13T01:41:23 IST" name="testSearchCaseInsensitive" description="Verify Google search is case insensitive" finished-at="2026-06-13T01:41:37 IST" duration-ms="14076" status="PASS">
          <reporter-output>
          </reporter-output>
        </test-method> <!-- testSearchCaseInsensitive -->
        <test-method is-config="true" signature="tearDown(org.testng.ITestResult)[pri:0, instance:tests.GoogleSearchTest@3590fc5b]" started-at="2026-06-13T01:41:37 IST" name="tearDown" finished-at="2026-06-13T01:41:38 IST" duration-ms="1010" status="PASS">
          <params>
            <param index="0">
              <value>
                <![CDATA[[TestResult name=testSearchCaseInsensitive status=SUCCESS method=GoogleSearchTest.testSearchCaseInsensitive()[pri:9, instance:tests.GoogleSearchTest@3590fc5b] output={null}]]]>
              </value>
            </param>
          </params>
          <reporter-output>
          </reporter-output>
        </test-method> <!-- tearDown -->
        <test-method is-config="true" signature="setUp()[pri:0, instance:tests.GoogleSearchTest@3590fc5b]" started-at="2026-06-13T01:41:38 IST" name="setUp" finished-at="2026-06-13T01:41:39 IST" duration-ms="885" status="PASS">
          <reporter-output>
          </reporter-output>
        </test-method> <!-- setUp -->
        <test-method signature="testSearchWithLongQuery()[pri:10, instance:tests.GoogleSearchTest@3590fc5b]" started-at="2026-06-13T01:41:39 IST" name="testSearchWithLongQuery" description="Search with long query string" finished-at="2026-06-13T01:41:55 IST" duration-ms="16968" status="FAIL">
          <exception class="java.lang.AssertionError">
            <message>
              <![CDATA[Results should be displayed for long query string expected [true] but found [false]]]>
            </message>
            <full-stacktrace>
              <![CDATA[java.lang.AssertionError: Results should be displayed for long query string expected [true] but found [false]
at org.testng.Assert.fail(Assert.java:111)
at org.testng.Assert.failNotEquals(Assert.java:1578)
at org.testng.Assert.assertTrue(Assert.java:57)
at tests.GoogleSearchTest.testSearchWithLongQuery(GoogleSearchTest.java:266)
at java.base/jdk.internal.reflect.DirectMethodHandleAccessor.invoke(DirectMethodHandleAccessor.java:103)
at java.base/java.lang.reflect.Method.invoke(Method.java:580)
at org.testng.internal.invokers.MethodInvocationHelper.invokeMethod(MethodInvocationHelper.java:139)
at org.testng.internal.invokers.TestInvoker.invokeMethod(TestInvoker.java:664)
at org.testng.internal.invokers.TestInvoker.invokeTestMethod(TestInvoker.java:228)
at org.testng.internal.invokers.MethodRunner.runInSequence(MethodRunner.java:63)
at org.testng.internal.invokers.TestInvoker$MethodInvocationAgent.invoke(TestInvoker.java:961)
at org.testng.internal.invokers.TestInvoker.invokeTestMethods(TestInvoker.java:201)
at org.testng.internal.invokers.TestMethodWorker.invokeTestMethods(TestMethodWorker.java:148)
at org.testng.internal.invokers.TestMethodWorker.run(TestMethodWorker.java:128)
at java.base/java.util.ArrayList.forEach(ArrayList.java:1596)
at org.testng.TestRunner.privateRun(TestRunner.java:819)
at org.testng.TestRunner.run(TestRunner.java:619)
at org.testng.SuiteRunner.runTest(SuiteRunner.java:443)
at org.testng.SuiteRunner.runSequentially(SuiteRunner.java:437)
at org.testng.SuiteRunner.privateRun(SuiteRunner.java:397)
at org.testng.SuiteRunner.run(SuiteRunner.java:336)
at org.testng.SuiteRunnerWorker.runSuite(SuiteRunnerWorker.java:52)
at org.testng.SuiteRunnerWorker.run(SuiteRunnerWorker.java:95)
at org.testng.TestNG.runSuitesSequentially(TestNG.java:1301)
at org.testng.TestNG.runSuitesLocally(TestNG.java:1228)
at org.testng.TestNG.runSuites(TestNG.java:1134)
at org.testng.TestNG.run(TestNG.java:1101)
at org.testng.remote.AbstractRemoteTestNG.run(AbstractRemoteTestNG.java:115)
at org.testng.remote.RemoteTestNG.initAndRun(RemoteTestNG.java:293)
at org.testng.remote.RemoteTestNG.main(RemoteTestNG.java:91)
]]>
            </full-stacktrace>
          </exception> <!-- java.lang.AssertionError -->
          <reporter-output>
          </reporter-output>
        </test-method> <!-- testSearchWithLongQuery -->
        <test-method is-config="true" signature="tearDown(org.testng.ITestResult)[pri:0, instance:tests.GoogleSearchTest@3590fc5b]" started-at="2026-06-13T01:41:56 IST" name="tearDown" finished-at="2026-06-13T01:41:57 IST" duration-ms="1058" status="PASS">
          <params>
            <param index="0">
              <value>
                <![CDATA[[TestResult name=testSearchWithLongQuery status=FAILURE method=GoogleSearchTest.testSearchWithLongQuery()[pri:10, instance:tests.GoogleSearchTest@3590fc5b] output={null}]]]>
              </value>
            </param>
          </params>
          <reporter-output>
          </reporter-output>
        </test-method> <!-- tearDown -->
        <test-method is-config="true" signature="setUp()[pri:0, instance:tests.GoogleSearchTest@3590fc5b]" started-at="2026-06-13T01:41:57 IST" name="setUp" finished-at="2026-06-13T01:41:58 IST" duration-ms="896" status="PASS">
          <reporter-output>
          </reporter-output>
        </test-method> <!-- setUp -->
        <test-method signature="testCurrentURLAfterSearch()[pri:11, instance:tests.GoogleSearchTest@3590fc5b]" started-at="2026-06-13T01:41:58 IST" name="testCurrentURLAfterSearch" description="Verify URL is updated with search query" finished-at="2026-06-13T01:42:03 IST" duration-ms="5819" status="PASS">
          <reporter-output>
          </reporter-output>
        </test-method> <!-- testCurrentURLAfterSearch -->
        <test-method is-config="true" signature="tearDown(org.testng.ITestResult)[pri:0, instance:tests.GoogleSearchTest@3590fc5b]" started-at="2026-06-13T01:42:03 IST" name="tearDown" finished-at="2026-06-13T01:42:04 IST" duration-ms="979" status="PASS">
          <params>
            <param index="0">
              <value>
                <![CDATA[[TestResult name=testCurrentURLAfterSearch status=SUCCESS method=GoogleSearchTest.testCurrentURLAfterSearch()[pri:11, instance:tests.GoogleSearchTest@3590fc5b] output={null}]]]>
              </value>
            </param>
          </params>
          <reporter-output>
          </reporter-output>
        </test-method> <!-- tearDown -->
        <test-method is-config="true" signature="setUp()[pri:0, instance:tests.GoogleSearchTest@3590fc5b]" started-at="2026-06-13T01:42:04 IST" name="setUp" finished-at="2026-06-13T01:42:05 IST" duration-ms="897" status="PASS">
          <reporter-output>
          </reporter-output>
        </test-method> <!-- setUp -->
        <test-method signature="testPageTitleAfterSearch()[pri:12, instance:tests.GoogleSearchTest@3590fc5b]" started-at="2026-06-13T01:42:05 IST" name="testPageTitleAfterSearch" description="Verify page title contains search query" finished-at="2026-06-13T01:42:12 IST" duration-ms="7041" status="PASS">
          <reporter-output>
          </reporter-output>
        </test-method> <!-- testPageTitleAfterSearch -->
        <test-method is-config="true" signature="tearDown(org.testng.ITestResult)[pri:0, instance:tests.GoogleSearchTest@3590fc5b]" started-at="2026-06-13T01:42:12 IST" name="tearDown" finished-at="2026-06-13T01:42:13 IST" duration-ms="981" status="PASS">
          <params>
            <param index="0">
              <value>
                <![CDATA[[TestResult name=testPageTitleAfterSearch status=SUCCESS method=GoogleSearchTest.testPageTitleAfterSearch()[pri:12, instance:tests.GoogleSearchTest@3590fc5b] output={null}]]]>
              </value>
            </param>
          </params>
          <reporter-output>
          </reporter-output>
        </test-method> <!-- tearDown -->
        <test-method is-config="true" signature="setUp()[pri:0, instance:tests.GoogleSearchTest@3590fc5b]" started-at="2026-06-13T01:42:13 IST" name="setUp" finished-at="2026-06-13T01:42:14 IST" duration-ms="878" status="PASS">
          <reporter-output>
          </reporter-output>
        </test-method> <!-- setUp -->
        <test-method signature="testResultsCountNotEmpty()[pri:13, instance:tests.GoogleSearchTest@3590fc5b]" started-at="2026-06-13T01:42:14 IST" name="testResultsCountNotEmpty" description="Verify results count is displayed and not empty" finished-at="2026-06-13T01:42:29 IST" duration-ms="14484" status="PASS">
          <reporter-output>
          </reporter-output>
        </test-method> <!-- testResultsCountNotEmpty -->
        <test-method is-config="true" signature="tearDown(org.testng.ITestResult)[pri:0, instance:tests.GoogleSearchTest@3590fc5b]" started-at="2026-06-13T01:42:29 IST" name="tearDown" finished-at="2026-06-13T01:42:30 IST" duration-ms="1003" status="PASS">
          <params>
            <param index="0">
              <value>
                <![CDATA[[TestResult name=testResultsCountNotEmpty status=SUCCESS method=GoogleSearchTest.testResultsCountNotEmpty()[pri:13, instance:tests.GoogleSearchTest@3590fc5b] output={null}]]]>
              </value>
            </param>
          </params>
          <reporter-output>
          </reporter-output>
        </test-method> <!-- tearDown -->
        <test-method is-config="true" signature="setUp()[pri:0, instance:tests.GoogleSearchTest@3590fc5b]" started-at="2026-06-13T01:42:30 IST" name="setUp" finished-at="2026-06-13T01:42:30 IST" duration-ms="897" status="PASS">
          <reporter-output>
          </reporter-output>
        </test-method> <!-- setUp -->
        <test-method signature="testSearchWithSingleCharacter()[pri:14, instance:tests.GoogleSearchTest@3590fc5b]" started-at="2026-06-13T01:42:30 IST" name="testSearchWithSingleCharacter" description="Search with single character query" finished-at="2026-06-13T01:42:44 IST" duration-ms="13899" status="FAIL">
          <exception class="java.lang.AssertionError">
            <message>
              <![CDATA[Results should be displayed even for single character search expected [true] but found [false]]]>
            </message>
            <full-stacktrace>
              <![CDATA[java.lang.AssertionError: Results should be displayed even for single character search expected [true] but found [false]
at org.testng.Assert.fail(Assert.java:111)
at org.testng.Assert.failNotEquals(Assert.java:1578)
at org.testng.Assert.assertTrue(Assert.java:57)
at tests.GoogleSearchTest.testSearchWithSingleCharacter(GoogleSearchTest.java:373)
at java.base/jdk.internal.reflect.DirectMethodHandleAccessor.invoke(DirectMethodHandleAccessor.java:103)
at java.base/java.lang.reflect.Method.invoke(Method.java:580)
at org.testng.internal.invokers.MethodInvocationHelper.invokeMethod(MethodInvocationHelper.java:139)
at org.testng.internal.invokers.TestInvoker.invokeMethod(TestInvoker.java:664)
at org.testng.internal.invokers.TestInvoker.invokeTestMethod(TestInvoker.java:228)
at org.testng.internal.invokers.MethodRunner.runInSequence(MethodRunner.java:63)
at org.testng.internal.invokers.TestInvoker$MethodInvocationAgent.invoke(TestInvoker.java:961)
at org.testng.internal.invokers.TestInvoker.invokeTestMethods(TestInvoker.java:201)
at org.testng.internal.invokers.TestMethodWorker.invokeTestMethods(TestMethodWorker.java:148)
at org.testng.internal.invokers.TestMethodWorker.run(TestMethodWorker.java:128)
at java.base/java.util.ArrayList.forEach(ArrayList.java:1596)
at org.testng.TestRunner.privateRun(TestRunner.java:819)
at org.testng.TestRunner.run(TestRunner.java:619)
at org.testng.SuiteRunner.runTest(SuiteRunner.java:443)
at org.testng.SuiteRunner.runSequentially(SuiteRunner.java:437)
at org.testng.SuiteRunner.privateRun(SuiteRunner.java:397)
at org.testng.SuiteRunner.run(SuiteRunner.java:336)
at org.testng.SuiteRunnerWorker.runSuite(SuiteRunnerWorker.java:52)
at org.testng.SuiteRunnerWorker.run(SuiteRunnerWorker.java:95)
at org.testng.TestNG.runSuitesSequentially(TestNG.java:1301)
at org.testng.TestNG.runSuitesLocally(TestNG.java:1228)
at org.testng.TestNG.runSuites(TestNG.java:1134)
at org.testng.TestNG.run(TestNG.java:1101)
at org.testng.remote.AbstractRemoteTestNG.run(AbstractRemoteTestNG.java:115)
at org.testng.remote.RemoteTestNG.initAndRun(RemoteTestNG.java:293)
at org.testng.remote.RemoteTestNG.main(RemoteTestNG.java:91)
]]>
            </full-stacktrace>
          </exception> <!-- java.lang.AssertionError -->
          <reporter-output>
          </reporter-output>
        </test-method> <!-- testSearchWithSingleCharacter -->
        <test-method is-config="true" signature="tearDown(org.testng.ITestResult)[pri:0, instance:tests.GoogleSearchTest@3590fc5b]" started-at="2026-06-13T01:42:44 IST" name="tearDown" finished-at="2026-06-13T01:42:45 IST" duration-ms="1009" status="PASS">
          <params>
            <param index="0">
              <value>
                <![CDATA[[TestResult name=testSearchWithSingleCharacter status=FAILURE method=GoogleSearchTest.testSearchWithSingleCharacter()[pri:14, instance:tests.GoogleSearchTest@3590fc5b] output={null}]]]>
              </value>
            </param>
          </params>
          <reporter-output>
          </reporter-output>
        </test-method> <!-- tearDown -->
        <test-method is-config="true" signature="setUp()[pri:0, instance:tests.GoogleSearchTest@3590fc5b]" started-at="2026-06-13T01:42:45 IST" name="setUp" finished-at="2026-06-13T01:42:46 IST" duration-ms="933" status="PASS">
          <reporter-output>
          </reporter-output>
        </test-method> <!-- setUp -->
        <test-method signature="testBackNavigationAfterSearch()[pri:15, instance:tests.GoogleSearchTest@3590fc5b]" started-at="2026-06-13T01:42:46 IST" name="testBackNavigationAfterSearch" description="Verify browser back button works after search" finished-at="2026-06-13T01:42:52 IST" duration-ms="5417" status="PASS">
          <reporter-output>
          </reporter-output>
        </test-method> <!-- testBackNavigationAfterSearch -->
        <test-method is-config="true" signature="tearDown(org.testng.ITestResult)[pri:0, instance:tests.GoogleSearchTest@3590fc5b]" started-at="2026-06-13T01:42:52 IST" name="tearDown" finished-at="2026-06-13T01:42:53 IST" duration-ms="993" status="PASS">
          <params>
            <param index="0">
              <value>
                <![CDATA[[TestResult name=testBackNavigationAfterSearch status=SUCCESS method=GoogleSearchTest.testBackNavigationAfterSearch()[pri:15, instance:tests.GoogleSearchTest@3590fc5b] output={null}]]]>
              </value>
            </param>
          </params>
          <reporter-output>
          </reporter-output>
        </test-method> <!-- tearDown -->
      </class> <!-- tests.GoogleSearchTest -->
    </test> <!-- Default test -->
  </suite> <!-- Default suite -->
</testng-results>
