<?xml version="1.0" encoding="UTF-8"?>
<!-- Generated by org.testng.reporters.JUnitReportReporter -->
<testsuite hostname="LAPTOP-8TOFFPN2" failures="0" tests="15" name="tests.GoogleSearchTest" time="111.583" errors="0" timestamp="2026-06-13T00:27:47 IST" skipped="0">
  <testcase classname="tests.GoogleSearchTest" name="testPageTitle" time="2.517"/>
  <testcase classname="tests.GoogleSearchTest" name="testSearchWithValidQuery" time="8.665"/>
  <testcase classname="tests.GoogleSearchTest" name="testSearchWithDifferentKeyword" time="6.525"/>
  <testcase classname="tests.GoogleSearchTest" name="testSearchQueryInURL" time="5.818"/>
  <testcase classname="tests.GoogleSearchTest" name="testMultipleSearches" time="13.873"/>
  <testcase classname="tests.GoogleSearchTest" name="testSearchWithSpecialCharacters" time="6.409"/>
  <testcase classname="tests.GoogleSearchTest" name="testSearchWithNumbers" time="6.156"/>
  <testcase classname="tests.GoogleSearchTest" name="testPageRefreshAfterSearch" time="11.419"/>
  <testcase classname="tests.GoogleSearchTest" name="testSearchCaseInsensitive" time="8.202"/>
  <testcase classname="tests.GoogleSearchTest" name="testSearchWithLongQuery" time="7.281"/>
  <testcase classname="tests.GoogleSearchTest" name="testCurrentURLAfterSearch" time="7.086"/>
  <testcase classname="tests.GoogleSearchTest" name="testPageTitleAfterSearch" time="7.022"/>
  <testcase classname="tests.GoogleSearchTest" name="testResultsCountNotEmpty" time="6.360"/>
  <testcase classname="tests.GoogleSearchTest" name="testSearchWithSingleCharacter" time="6.440"/>
  <testcase classname="tests.GoogleSearchTest" name="testBackNavigationAfterSearch" time="7.810"/>
</testsuite> <!-- tests.GoogleSearchTest -->
